This is XeTeX, Version 3.141592653-2.6-0.999993 (TeX Live 2022/dev/Debian) (preloaded format=xelatex 2024.9.19)  26 MAR 2026 15:21
entering extended mode
 restricted \write18 enabled.
 %&-line parsing enabled.
**FightCoffee_Annexe_Operationnelle.tex
(./FightCoffee_Annexe_Operationnelle.tex
LaTeX2e <2021-11-15> patch level 1
L3 programming layer <2022-01-21>
(/usr/share/texlive/texmf-dist/tex/latex/base/article.cls
Document Class: article 2021/10/04 v1.4n Standard LaTeX document class
(/usr/share/texlive/texmf-dist/tex/latex/base/size11.clo
File: size11.clo 2021/10/04 v1.4n Standard LaTeX file (size option)
)
\c@part=\count181
\c@section=\count182
\c@subsection=\count183
\c@subsubsection=\count184
\c@paragraph=\count185
\c@subparagraph=\count186
\c@figure=\count187
\c@table=\count188
\abovecaptionskip=\skip47
\belowcaptionskip=\skip48
\bibindent=\dimen138
)
(/usr/share/texlive/texmf-dist/tex/latex/fontspec/fontspec.sty
(/usr/share/texlive/texmf-dist/tex/latex/l3packages/xparse/xparse.sty
(/usr/share/texlive/texmf-dist/tex/latex/l3kernel/expl3.sty
Package: expl3 2022-01-21 L3 programming layer (loader) 

(/usr/share/texlive/texmf-dist/tex/latex/l3backend/l3backend-xetex.def
File: l3backend-xetex.def 2022-01-12 L3 backend support: XeTeX

(|extractbb --version)
\c__kernel_sys_dvipdfmx_version_int=\count189
\l__color_backend_stack_int=\count190
\g__color_backend_stack_int=\count191
\g__graphics_track_int=\count192
\l__pdf_internal_box=\box50
\g__pdf_backend_object_int=\count193
\g__pdf_backend_annotation_int=\count194
\g__pdf_backend_link_int=\count195
))
Package: xparse 2022-01-12 L3 Experimental document command parser
)
Package: fontspec 2022/01/15 v2.8a Font selection for XeLaTeX and LuaLaTeX

(/usr/share/texlive/texmf-dist/tex/latex/fontspec/fontspec-xetex.sty
Package: fontspec-xetex 2022/01/15 v2.8a Font selection for XeLaTeX and LuaLaTe
X
\l__fontspec_script_int=\count196
\l__fontspec_language_int=\count197
\l__fontspec_strnum_int=\count198
\l__fontspec_tmp_int=\count199
\l__fontspec_tmpa_int=\count266
\l__fontspec_tmpb_int=\count267
\l__fontspec_tmpc_int=\count268
\l__fontspec_em_int=\count269
\l__fontspec_emdef_int=\count270
\l__fontspec_strong_int=\count271
\l__fontspec_strongdef_int=\count272
\l__fontspec_tmpa_dim=\dimen139
\l__fontspec_tmpb_dim=\dimen140
\l__fontspec_tmpc_dim=\dimen141

(/usr/share/texlive/texmf-dist/tex/latex/base/fontenc.sty
Package: fontenc 2021/04/29 v2.0v Standard LaTeX package
)
(/usr/share/texlive/texmf-dist/tex/latex/fontspec/fontspec.cfg)))
(/usr/share/texlive/texmf-dist/tex/latex/polyglossia/polyglossia.sty
Package: polyglossia 2021/04/12 v1.53 Modern multilingual typesetting with XeLa
TeX and LuaLaTeX

(/usr/share/texlive/texmf-dist/tex/latex/etoolbox/etoolbox.sty
Package: etoolbox 2020/10/05 v2.5k e-TeX tools for LaTeX (JAW)
\etb@tempcnta=\count273
)
(/usr/share/texlive/texmf-dist/tex/latex/makecmds/makecmds.sty
Package: makecmds 2009/09/03 v1.0a extra command making commands
)
(/usr/share/texlive/texmf-dist/tex/latex/xkeyval/xkeyval.sty
Package: xkeyval 2020/11/20 v2.8 package option processing (HA)

(/usr/share/texlive/texmf-dist/tex/generic/xkeyval/xkeyval.tex
(/usr/share/texlive/texmf-dist/tex/generic/xkeyval/xkvutils.tex
\XKV@toks=\toks16
\XKV@tempa@toks=\toks17

(/usr/share/texlive/texmf-dist/tex/generic/xkeyval/keyval.tex))
\XKV@depth=\count274
File: xkeyval.tex 2014/12/03 v2.7a key=value parser (HA)
))
(/usr/share/texlive/texmf-dist/tex/generic/iftex/iftex.sty
Package: iftex 2020/03/06 v1.0d TeX engine tests
)
(/usr/share/texlive/texmf-dist/tex/latex/l3packages/l3keys2e/l3keys2e.sty
Package: l3keys2e 2022-01-12 LaTeX2e option processing using LaTeX3 keys
)

LaTeX hooks Warning: Generic hook 'file/after/tracklang.sty' is deprecated.
(hooks)              Use hook 'file/tracklang.sty/after' instead.


LaTeX hooks Warning: Generic hook 'package/after/bidi' is deprecated.
(hooks)              Use hook 'package/bidi/after' instead.


LaTeX hooks Warning: Generic hook 'package/after/luabidi' is deprecated.
(hooks)              Use hook 'package/luabidi/after' instead.

\xpg@normalclass=\XeTeXcharclass1
(/usr/share/texlive/texmf-dist/tex/latex/polyglossia/gloss-latex.ldf
File: gloss-latex.ldf polyglossia: module for default language
The property list \polyglossia@langsetup contains the pairs (without outer
braces):
>  {latex/script}  =>  {latin}
>  {latex/lcscript}  =>  {latin}
>  {latex/scripttag}  =>  {}
>  {latex/language}  =>  {Latex}
>  {latex/langtag}  =>  {ENG}
>  {latex/bcp47}  =>  {}
>  {latex/hyphennames}  =>  {english}
>  {latex/direction}  =>  {LR}
>  {latex/hyphenmins}  =>  {2,3}
>  {latex/frenchspacing}  =>  {false}
>  {latex/indentfirst}  =>  {false}
>  {latex/fontsetup}  =>  {true}
>  {latex/envname}  =>  {latex}
>  {latex/babelname}  =>  {latex}
>  {latex/localnumeral}  =>  {polyglossia@C@localnumeral}
>  {latex/Localnumeral}  =>  {polyglossia@C@localnumeral}.
)
Package polyglossia Info: Default language is latex.
)
(/usr/share/texlive/texmf-dist/tex/latex/polyglossia/gloss-french.ldf
File: gloss-french.ldf polyglossia: module for french
The property list \polyglossia@langsetup contains the pairs (without outer
braces):
>  {latex/script}  =>  {latin}
>  {latex/lcscript}  =>  {latin}
>  {latex/scripttag}  =>  {}
>  {latex/language}  =>  {Latex}
>  {latex/langtag}  =>  {ENG}
>  {latex/bcp47}  =>  {}
>  {latex/hyphennames}  =>  {english}
>  {latex/direction}  =>  {LR}
>  {latex/hyphenmins}  =>  {2,3}
>  {latex/frenchspacing}  =>  {false}
>  {latex/indentfirst}  =>  {false}
>  {latex/fontsetup}  =>  {true}
>  {latex/envname}  =>  {latex}
>  {latex/babelname}  =>  {latex}
>  {latex/localnumeral}  =>  {polyglossia@C@localnumeral}
>  {latex/Localnumeral}  =>  {polyglossia@C@localnumeral}
>  {french/script}  =>  {Latin}
>  {french/lcscript}  =>  {latin}
>  {french/scripttag}  =>  {}
>  {french/language}  =>  {French}
>  {french/langtag}  =>  {FRA}
>  {french/bcp47}  =>  {fr-FR}
>  {french/hyphennames}  =>  {french,francais}
>  {french/direction}  =>  {LR}
>  {french/hyphenmins}  =>  {2,2}
>  {french/frenchspacing}  =>  {true}
>  {french/indentfirst}  =>  {true}
>  {french/fontsetup}  =>  {true}
>  {french/envname}  =>  {french}
>  {french/babelname}  =>  {french}
>  {french/localnumeral}  =>  {polyglossia@C@localnumeral}
>  {french/Localnumeral}  =>  {polyglossia@C@localnumeral}.


Package polyglossia Warning: No hyphenation patterns were loaded for `french'
(polyglossia)                I will use \language=\l@nohyphenation instead on i
nput line 12.

\l@french = a dialect from \language\l@nohyphenation 
\french@openbrackets=\XeTeXcharclass2
\french@closebrackets=\XeTeXcharclass3
\french@questionexclamation=\XeTeXcharclass4
\french@punctthin=\XeTeXcharclass5
\french@punctthick=\XeTeXcharclass6
\french@punctguillstart=\XeTeXcharclass7
\french@punctguillend=\XeTeXcharclass8
Package polyglossia Info: Option: French, variant=french.
)
Package polyglossia Info: Default language is french.
 (/usr/share/texlive/texmf-dist/tex/latex/geometry/geometry.sty
Package: geometry 2020/01/02 v5.9 Page Geometry

(/usr/share/texlive/texmf-dist/tex/generic/iftex/ifvtex.sty
Package: ifvtex 2019/10/25 v1.7 ifvtex legacy package. Use iftex instead.
)
\Gm@cnth=\count275
\Gm@cntv=\count276
\c@Gm@tempcnt=\count277
\Gm@bindingoffset=\dimen142
\Gm@wd@mp=\dimen143
\Gm@odd@mp=\dimen144
\Gm@even@mp=\dimen145
\Gm@layoutwidth=\dimen146
\Gm@layoutheight=\dimen147
\Gm@layouthoffset=\dimen148
\Gm@layoutvoffset=\dimen149
\Gm@dimlist=\toks18
)
(/usr/share/texlive/texmf-dist/tex/latex/xcolor/xcolor.sty
Package: xcolor 2021/10/31 v2.13 LaTeX color extensions (UK)

(/usr/share/texlive/texmf-dist/tex/latex/graphics-cfg/color.cfg
File: color.cfg 2016/01/02 v1.6 sample color configuration
)
Package xcolor Info: Driver file: xetex.def on input line 227.

(/usr/share/texlive/texmf-dist/tex/latex/graphics-def/xetex.def
File: xetex.def 2021/03/18 v5.0k Graphics/color driver for xetex
)
Package xcolor Info: Model `cmy' substituted by `cmy0' on input line 1352.
Package xcolor Info: Model `RGB' extended on input line 1368.
Package xcolor Info: Model `HTML' substituted by `rgb' on input line 1370.
Package xcolor Info: Model `Hsb' substituted by `hsb' on input line 1371.
Package xcolor Info: Model `tHsb' substituted by `hsb' on input line 1372.
Package xcolor Info: Model `HSB' substituted by `hsb' on input line 1373.
Package xcolor Info: Model `Gray' substituted by `gray' on input line 1374.
Package xcolor Info: Model `wave' substituted by `hsb' on input line 1375.
)
(/usr/share/texlive/texmf-dist/tex/latex/booktabs/booktabs.sty
Package: booktabs 2020/01/12 v1.61803398 Publication quality tables
\heavyrulewidth=\dimen150
\lightrulewidth=\dimen151
\cmidrulewidth=\dimen152
\belowrulesep=\dimen153
\belowbottomsep=\dimen154
\aboverulesep=\dimen155
\abovetopsep=\dimen156
\cmidrulesep=\dimen157
\cmidrulekern=\dimen158
\defaultaddspace=\dimen159
\@cmidla=\count278
\@cmidlb=\count279
\@aboverulesep=\dimen160
\@belowrulesep=\dimen161
\@thisruleclass=\count280
\@lastruleclass=\count281
\@thisrulewidth=\dimen162
)
(/usr/share/texlive/texmf-dist/tex/latex/tools/array.sty
Package: array 2021/10/04 v2.5f Tabular extension package (FMi)
\col@sep=\dimen163
\ar@mcellbox=\box51
\extrarowheight=\dimen164
\NC@list=\toks19
\extratabsurround=\skip49
\backup@length=\skip50
\ar@cellbox=\box52
)
(/usr/share/texlive/texmf-dist/tex/latex/colortbl/colortbl.sty
Package: colortbl 2020/01/04 v1.0e Color table columns (DPC)
\everycr=\toks20
\minrowclearance=\skip51
)
(/usr/share/texlive/texmf-dist/tex/latex/tools/tabularx.sty
Package: tabularx 2020/01/15 v2.11c `tabularx' package (DPC)
\TX@col@width=\dimen165
\TX@old@table=\dimen166
\TX@old@col=\dimen167
\TX@target=\dimen168
\TX@delta=\dimen169
\TX@cols=\count282
\TX@ftn=\toks21
)
(/usr/share/texlive/texmf-dist/tex/latex/multirow/multirow.sty
Package: multirow 2021/03/15 v2.8 Span multiple rows of a table
\multirow@colwidth=\skip52
\multirow@cntb=\count283
\multirow@dima=\skip53
\bigstrutjot=\dimen170
)
(/usr/share/texlive/texmf-dist/tex/latex/enumitem/enumitem.sty
Package: enumitem 2019/06/20 v3.9 Customized lists
\enitkv@toks@=\toks22
\labelindent=\skip54
\enit@outerparindent=\dimen171
\enit@toks=\toks23
\enit@inbox=\box53
\enit@count@id=\count284
\enitdp@description=\count285
)
(/usr/share/texlive/texmf-dist/tex/latex/titlesec/titlesec.sty
Package: titlesec 2021/07/05 v2.14 Sectioning titles
\ttl@box=\box54
\beforetitleunit=\skip55
\aftertitleunit=\skip56
\ttl@plus=\dimen172
\ttl@minus=\dimen173
\ttl@toksa=\toks24
\titlewidth=\dimen174
\titlewidthlast=\dimen175
\titlewidthfirst=\dimen176
)
(/usr/share/texlive/texmf-dist/tex/latex/fancyhdr/fancyhdr.sty
Package: fancyhdr 2021/01/28 v4.0.1 Extensive control of page headers and foote
rs
\f@nch@headwidth=\skip57
\f@nch@O@elh=\skip58
\f@nch@O@erh=\skip59
\f@nch@O@olh=\skip60
\f@nch@O@orh=\skip61
\f@nch@O@elf=\skip62
\f@nch@O@erf=\skip63
\f@nch@O@olf=\skip64
\f@nch@O@orf=\skip65
)
(/usr/share/texlive/texmf-dist/tex/latex/hyperref/hyperref.sty
Package: hyperref 2021-06-07 v7.00m Hypertext links for LaTeX

(/usr/share/texlive/texmf-dist/tex/generic/ltxcmds/ltxcmds.sty
Package: ltxcmds 2020-05-10 v1.25 LaTeX kernel commands for general use (HO)
)
(/usr/share/texlive/texmf-dist/tex/generic/pdftexcmds/pdftexcmds.sty
Package: pdftexcmds 2020-06-27 v0.33 Utility functions of pdfTeX for LuaTeX (HO
)

(/usr/share/texlive/texmf-dist/tex/generic/infwarerr/infwarerr.sty
Package: infwarerr 2019/12/03 v1.5 Providing info/warning/error messages (HO)
)
Package pdftexcmds Info: \pdf@primitive is available.
Package pdftexcmds Info: \pdf@ifprimitive is available.
Package pdftexcmds Info: \pdfdraftmode not found.
)
(/usr/share/texlive/texmf-dist/tex/generic/kvsetkeys/kvsetkeys.sty
Package: kvsetkeys 2019/12/15 v1.18 Key value parser (HO)
)
(/usr/share/texlive/texmf-dist/tex/generic/kvdefinekeys/kvdefinekeys.sty
Package: kvdefinekeys 2019-12-19 v1.6 Define keys (HO)
)
(/usr/share/texlive/texmf-dist/tex/generic/pdfescape/pdfescape.sty
Package: pdfescape 2019/12/09 v1.15 Implements pdfTeX's escape features (HO)
)
(/usr/share/texlive/texmf-dist/tex/latex/hycolor/hycolor.sty
Package: hycolor 2020-01-27 v1.10 Color options for hyperref/bookmark (HO)
)
(/usr/share/texlive/texmf-dist/tex/latex/letltxmacro/letltxmacro.sty
Package: letltxmacro 2019/12/03 v1.6 Let assignment for LaTeX macros (HO)
)
(/usr/share/texlive/texmf-dist/tex/latex/auxhook/auxhook.sty
Package: auxhook 2019-12-17 v1.6 Hooks for auxiliary files (HO)
)
(/usr/share/texlive/texmf-dist/tex/latex/kvoptions/kvoptions.sty
Package: kvoptions 2020-10-07 v3.14 Key value format for package options (HO)
)
\@linkdim=\dimen177
\Hy@linkcounter=\count286
\Hy@pagecounter=\count287

(/usr/share/texlive/texmf-dist/tex/latex/hyperref/pd1enc.def
File: pd1enc.def 2021-06-07 v7.00m Hyperref: PDFDocEncoding definition (HO)
)
(/usr/share/texlive/texmf-dist/tex/latex/hyperref/hyperref-langpatches.def
File: hyperref-langpatches.def 2021-06-07 v7.00m Hyperref: patches for babel la
nguages
)
(/usr/share/texlive/texmf-dist/tex/generic/intcalc/intcalc.sty
Package: intcalc 2019/12/15 v1.3 Expandable calculations with integers (HO)
)
(/usr/share/texlive/texmf-dist/tex/generic/etexcmds/etexcmds.sty
Package: etexcmds 2019/12/15 v1.7 Avoid name clashes with e-TeX commands (HO)
)
\Hy@SavedSpaceFactor=\count288

(/usr/share/texlive/texmf-dist/tex/latex/hyperref/puenc.def
File: puenc.def 2021-06-07 v7.00m Hyperref: PDF Unicode definition (HO)
)
Package hyperref Info: Hyper figures OFF on input line 4192.
Package hyperref Info: Link nesting OFF on input line 4197.
Package hyperref Info: Hyper index ON on input line 4200.
Package hyperref Info: Plain pages OFF on input line 4207.
Package hyperref Info: Backreferencing OFF on input line 4212.
Package hyperref Info: Implicit mode ON; LaTeX internals redefined.
Package hyperref Info: Bookmarks ON on input line 4445.
\c@Hy@tempcnt=\count289

(/usr/share/texlive/texmf-dist/tex/latex/url/url.sty
\Urlmuskip=\muskip16
Package: url 2013/09/16  ver 3.4  Verb mode for urls, etc.
)
LaTeX Info: Redefining \url on input line 4804.
\XeTeXLinkMargin=\dimen178

(/usr/share/texlive/texmf-dist/tex/generic/bitset/bitset.sty
Package: bitset 2019/12/09 v1.3 Handle bit-vector datatype (HO)

(/usr/share/texlive/texmf-dist/tex/generic/bigintcalc/bigintcalc.sty
Package: bigintcalc 2019/12/15 v1.5 Expandable calculations on big integers (HO
)
))
\Fld@menulength=\count290
\Field@Width=\dimen179
\Fld@charsize=\dimen180
Package hyperref Info: Hyper figures OFF on input line 6076.
Package hyperref Info: Link nesting OFF on input line 6081.
Package hyperref Info: Hyper index ON on input line 6084.
Package hyperref Info: backreferencing OFF on input line 6091.
Package hyperref Info: Link coloring OFF on input line 6096.
Package hyperref Info: Link coloring with OCG OFF on input line 6101.
Package hyperref Info: PDF/A mode OFF on input line 6106.
LaTeX Info: Redefining \ref on input line 6146.
LaTeX Info: Redefining \pageref on input line 6150.

(/usr/share/texlive/texmf-dist/tex/latex/base/atbegshi-ltx.sty
Package: atbegshi-ltx 2021/01/10 v1.0c Emulation of the original atbegshi
package with kernel methods
)
\Hy@abspage=\count291
\c@Item=\count292
\c@Hfootnote=\count293
)
Package hyperref Info: Driver (autodetected): hxetex.

(/usr/share/texlive/texmf-dist/tex/latex/hyperref/hxetex.def
File: hxetex.def 2021-06-07 v7.00m Hyperref driver for XeTeX

(/usr/share/texlive/texmf-dist/tex/generic/stringenc/stringenc.sty
Package: stringenc 2019/11/29 v1.12 Convert strings between diff. encodings (HO
)
)
\pdfm@box=\box55
\c@Hy@AnnotLevel=\count294
\HyField@AnnotCount=\count295
\Fld@listcount=\count296
\c@bookmark@seq@number=\count297

(/usr/share/texlive/texmf-dist/tex/latex/rerunfilecheck/rerunfilecheck.sty
Package: rerunfilecheck 2019/12/05 v1.9 Rerun checks for auxiliary files (HO)

(/usr/share/texlive/texmf-dist/tex/latex/base/atveryend-ltx.sty
Package: atveryend-ltx 2020/08/19 v1.0a Emulation of the original atveryend pac
kage
with kernel methods
)
(/usr/share/texlive/texmf-dist/tex/generic/uniquecounter/uniquecounter.sty
Package: uniquecounter 2019/12/15 v1.4 Provide unlimited unique counter (HO)
)
Package uniquecounter Info: New unique counter `rerunfilecheck' on input line 2
86.
)
\Hy@SectionHShift=\skip66
)
(/usr/share/texlive/texmf-dist/tex/latex/microtype/microtype.sty
Package: microtype 2021/12/10 v3.0b Micro-typographical refinements (RS)
\MT@toks=\toks25
\MT@count=\count298
\MT@tempbox=\box56
LaTeX Info: Redefining \leftprotrusion on input line 1010.
LaTeX Info: Redefining \rightprotrusion on input line 1018.
LaTeX Info: Redefining \textls on input line 1173.
\MT@outer@kern=\dimen181
LaTeX Info: Redefining \textmicrotypecontext on input line 1759.
\MT@listname@count=\count299

(/usr/share/texlive/texmf-dist/tex/latex/microtype/microtype-xetex.def
File: microtype-xetex.def 2021/12/10 v3.0b Definitions specific to xetex (RS)
LaTeX Info: Redefining \lsstyle on input line 234.
)
Package microtype Info: Loading configuration file microtype.cfg.

(/usr/share/texlive/texmf-dist/tex/latex/microtype/microtype.cfg
File: microtype.cfg 2021/12/10 v3.0b microtype main configuration file (RS)
))
(/usr/share/texlive/texmf-dist/tex/latex/parskip/parskip.sty
Package: parskip 2021-03-14 v2.0h non-zero parskip adjustments
)
(/usr/share/texlive/texmf-dist/tex/latex/tcolorbox/tcolorbox.sty
Package: tcolorbox 2022/01/07 version 5.0.2 text color boxes

(/usr/share/texlive/texmf-dist/tex/latex/pgf/basiclayer/pgf.sty
(/usr/share/texlive/texmf-dist/tex/latex/pgf/utilities/pgfrcs.sty
(/usr/share/texlive/texmf-dist/tex/generic/pgf/utilities/pgfutil-common.tex
\pgfutil@everybye=\toks26
\pgfutil@tempdima=\dimen182
\pgfutil@tempdimb=\dimen183

(/usr/share/texlive/texmf-dist/tex/generic/pgf/utilities/pgfutil-common-lists.t
ex)) (/usr/share/texlive/texmf-dist/tex/generic/pgf/utilities/pgfutil-latex.def
\pgfutil@abb=\box57
) (/usr/share/texlive/texmf-dist/tex/generic/pgf/utilities/pgfrcs.code.tex
(/usr/share/texlive/texmf-dist/tex/generic/pgf/pgf.revision.tex)
Package: pgfrcs 2021/05/15 v3.1.9a (3.1.9a)
))
Package: pgf 2021/05/15 v3.1.9a (3.1.9a)

(/usr/share/texlive/texmf-dist/tex/latex/pgf/basiclayer/pgfcore.sty
(/usr/share/texlive/texmf-dist/tex/latex/graphics/graphicx.sty
Package: graphicx 2021/09/16 v1.2d Enhanced LaTeX Graphics (DPC,SPQR)

(/usr/share/texlive/texmf-dist/tex/latex/graphics/graphics.sty
Package: graphics 2021/03/04 v1.4d Standard LaTeX Graphics (DPC,SPQR)

(/usr/share/texlive/texmf-dist/tex/latex/graphics/trig.sty
Package: trig 2021/08/11 v1.11 sin cos tan (DPC)
)
(/usr/share/texlive/texmf-dist/tex/latex/graphics-cfg/graphics.cfg
File: graphics.cfg 2016/06/04 v1.11 sample graphics configuration
)
Package graphics Info: Driver file: xetex.def on input line 107.
)
\Gin@req@height=\dimen184
\Gin@req@width=\dimen185
)
(/usr/share/texlive/texmf-dist/tex/latex/pgf/systemlayer/pgfsys.sty
(/usr/share/texlive/texmf-dist/tex/generic/pgf/systemlayer/pgfsys.code.tex
Package: pgfsys 2021/05/15 v3.1.9a (3.1.9a)

(/usr/share/texlive/texmf-dist/tex/generic/pgf/utilities/pgfkeys.code.tex
\pgfkeys@pathtoks=\toks27
\pgfkeys@temptoks=\toks28

(/usr/share/texlive/texmf-dist/tex/generic/pgf/utilities/pgfkeysfiltered.code.t
ex
\pgfkeys@tmptoks=\toks29
))
\pgf@x=\dimen186
\pgf@y=\dimen187
\pgf@xa=\dimen188
\pgf@ya=\dimen189
\pgf@xb=\dimen190
\pgf@yb=\dimen191
\pgf@xc=\dimen192
\pgf@yc=\dimen193
\pgf@xd=\dimen194
\pgf@yd=\dimen195
\w@pgf@writea=\write3
\r@pgf@reada=\read2
\c@pgf@counta=\count300
\c@pgf@countb=\count301
\c@pgf@countc=\count302
\c@pgf@countd=\count303
\t@pgf@toka=\toks30
\t@pgf@tokb=\toks31
\t@pgf@tokc=\toks32
\pgf@sys@id@count=\count304
 (/usr/share/texlive/texmf-dist/tex/generic/pgf/systemlayer/pgf.cfg
File: pgf.cfg 2021/05/15 v3.1.9a (3.1.9a)
)
Driver file for pgf: pgfsys-xetex.def

(/usr/share/texlive/texmf-dist/tex/generic/pgf/systemlayer/pgfsys-xetex.def
File: pgfsys-xetex.def 2021/05/15 v3.1.9a (3.1.9a)

(/usr/share/texlive/texmf-dist/tex/generic/pgf/systemlayer/pgfsys-dvipdfmx.def
File: pgfsys-dvipdfmx.def 2021/05/15 v3.1.9a (3.1.9a)

(/usr/share/texlive/texmf-dist/tex/generic/pgf/systemlayer/pgfsys-common-pdf.de
f
File: pgfsys-common-pdf.def 2021/05/15 v3.1.9a (3.1.9a)
)
\pgfsys@objnum=\count305
)))
(/usr/share/texlive/texmf-dist/tex/generic/pgf/systemlayer/pgfsyssoftpath.code.
tex
File: pgfsyssoftpath.code.tex 2021/05/15 v3.1.9a (3.1.9a)
\pgfsyssoftpath@smallbuffer@items=\count306
\pgfsyssoftpath@bigbuffer@items=\count307
)
(/usr/share/texlive/texmf-dist/tex/generic/pgf/systemlayer/pgfsysprotocol.code.
tex
File: pgfsysprotocol.code.tex 2021/05/15 v3.1.9a (3.1.9a)
))
(/usr/share/texlive/texmf-dist/tex/generic/pgf/basiclayer/pgfcore.code.tex
Package: pgfcore 2021/05/15 v3.1.9a (3.1.9a)

(/usr/share/texlive/texmf-dist/tex/generic/pgf/math/pgfmath.code.tex
(/usr/share/texlive/texmf-dist/tex/generic/pgf/math/pgfmathcalc.code.tex
(/usr/share/texlive/texmf-dist/tex/generic/pgf/math/pgfmathutil.code.tex)
(/usr/share/texlive/texmf-dist/tex/generic/pgf/math/pgfmathparser.code.tex
\pgfmath@dimen=\dimen196
\pgfmath@count=\count308
\pgfmath@box=\box58
\pgfmath@toks=\toks33
\pgfmath@stack@operand=\toks34
\pgfmath@stack@operation=\toks35
)
(/usr/share/texlive/texmf-dist/tex/generic/pgf/math/pgfmathfunctions.code.tex
(/usr/share/texlive/texmf-dist/tex/generic/pgf/math/pgfmathfunctions.basic.code
.tex)
(/usr/share/texlive/texmf-dist/tex/generic/pgf/math/pgfmathfunctions.trigonomet
ric.code.tex)
(/usr/share/texlive/texmf-dist/tex/generic/pgf/math/pgfmathfunctions.random.cod
e.tex)
(/usr/share/texlive/texmf-dist/tex/generic/pgf/math/pgfmathfunctions.comparison
.code.tex)
(/usr/share/texlive/texmf-dist/tex/generic/pgf/math/pgfmathfunctions.base.code.
tex)
(/usr/share/texlive/texmf-dist/tex/generic/pgf/math/pgfmathfunctions.round.code
.tex)
(/usr/share/texlive/texmf-dist/tex/generic/pgf/math/pgfmathfunctions.misc.code.
tex)
(/usr/share/texlive/texmf-dist/tex/generic/pgf/math/pgfmathfunctions.integerari
thmetics.code.tex)))
(/usr/share/texlive/texmf-dist/tex/generic/pgf/math/pgfmathfloat.code.tex
\c@pgfmathroundto@lastzeros=\count309
))
(/usr/share/texlive/texmf-dist/tex/generic/pgf/math/pgfint.code.tex)
(/usr/share/texlive/texmf-dist/tex/generic/pgf/basiclayer/pgfcorepoints.code.te
x
File: pgfcorepoints.code.tex 2021/05/15 v3.1.9a (3.1.9a)
\pgf@picminx=\dimen197
\pgf@picmaxx=\dimen198
\pgf@picminy=\dimen199
\pgf@picmaxy=\dimen256
\pgf@pathminx=\dimen257
\pgf@pathmaxx=\dimen258
\pgf@pathminy=\dimen259
\pgf@pathmaxy=\dimen260
\pgf@xx=\dimen261
\pgf@xy=\dimen262
\pgf@yx=\dimen263
\pgf@yy=\dimen264
\pgf@zx=\dimen265
\pgf@zy=\dimen266
)
(/usr/share/texlive/texmf-dist/tex/generic/pgf/basiclayer/pgfcorepathconstruct.
code.tex
File: pgfcorepathconstruct.code.tex 2021/05/15 v3.1.9a (3.1.9a)
\pgf@path@lastx=\dimen267
\pgf@path@lasty=\dimen268
)
(/usr/share/texlive/texmf-dist/tex/generic/pgf/basiclayer/pgfcorepathusage.code
.tex
File: pgfcorepathusage.code.tex 2021/05/15 v3.1.9a (3.1.9a)
\pgf@shorten@end@additional=\dimen269
\pgf@shorten@start@additional=\dimen270
)
(/usr/share/texlive/texmf-dist/tex/generic/pgf/basiclayer/pgfcorescopes.code.te
x
File: pgfcorescopes.code.tex 2021/05/15 v3.1.9a (3.1.9a)
\pgfpic=\box59
\pgf@hbox=\box60
\pgf@layerbox@main=\box61
\pgf@picture@serial@count=\count310
)
(/usr/share/texlive/texmf-dist/tex/generic/pgf/basiclayer/pgfcoregraphicstate.c
ode.tex
File: pgfcoregraphicstate.code.tex 2021/05/15 v3.1.9a (3.1.9a)
\pgflinewidth=\dimen271
)
(/usr/share/texlive/texmf-dist/tex/generic/pgf/basiclayer/pgfcoretransformation
s.code.tex
File: pgfcoretransformations.code.tex 2021/05/15 v3.1.9a (3.1.9a)
\pgf@pt@x=\dimen272
\pgf@pt@y=\dimen273
\pgf@pt@temp=\dimen274
)
(/usr/share/texlive/texmf-dist/tex/generic/pgf/basiclayer/pgfcorequick.code.tex
File: pgfcorequick.code.tex 2021/05/15 v3.1.9a (3.1.9a)
)
(/usr/share/texlive/texmf-dist/tex/generic/pgf/basiclayer/pgfcoreobjects.code.t
ex
File: pgfcoreobjects.code.tex 2021/05/15 v3.1.9a (3.1.9a)
)
(/usr/share/texlive/texmf-dist/tex/generic/pgf/basiclayer/pgfcorepathprocessing
.code.tex
File: pgfcorepathprocessing.code.tex 2021/05/15 v3.1.9a (3.1.9a)
)
(/usr/share/texlive/texmf-dist/tex/generic/pgf/basiclayer/pgfcorearrows.code.te
x
File: pgfcorearrows.code.tex 2021/05/15 v3.1.9a (3.1.9a)
\pgfarrowsep=\dimen275
)
(/usr/share/texlive/texmf-dist/tex/generic/pgf/basiclayer/pgfcoreshade.code.tex
File: pgfcoreshade.code.tex 2021/05/15 v3.1.9a (3.1.9a)
\pgf@max=\dimen276
\pgf@sys@shading@range@num=\count311
\pgf@shadingcount=\count312
)
(/usr/share/texlive/texmf-dist/tex/generic/pgf/basiclayer/pgfcoreimage.code.tex
File: pgfcoreimage.code.tex 2021/05/15 v3.1.9a (3.1.9a)

(/usr/share/texlive/texmf-dist/tex/generic/pgf/basiclayer/pgfcoreexternal.code.
tex
File: pgfcoreexternal.code.tex 2021/05/15 v3.1.9a (3.1.9a)
\pgfexternal@startupbox=\box62
))
(/usr/share/texlive/texmf-dist/tex/generic/pgf/basiclayer/pgfcorelayers.code.te
x
File: pgfcorelayers.code.tex 2021/05/15 v3.1.9a (3.1.9a)
)
(/usr/share/texlive/texmf-dist/tex/generic/pgf/basiclayer/pgfcoretransparency.c
ode.tex
File: pgfcoretransparency.code.tex 2021/05/15 v3.1.9a (3.1.9a)
)
(/usr/share/texlive/texmf-dist/tex/generic/pgf/basiclayer/pgfcorepatterns.code.
tex
File: pgfcorepatterns.code.tex 2021/05/15 v3.1.9a (3.1.9a)
)
(/usr/share/texlive/texmf-dist/tex/generic/pgf/basiclayer/pgfcorerdf.code.tex
File: pgfcorerdf.code.tex 2021/05/15 v3.1.9a (3.1.9a)
)))
(/usr/share/texlive/texmf-dist/tex/generic/pgf/modules/pgfmoduleshapes.code.tex
File: pgfmoduleshapes.code.tex 2021/05/15 v3.1.9a (3.1.9a)
\pgfnodeparttextbox=\box63
) (/usr/share/texlive/texmf-dist/tex/generic/pgf/modules/pgfmoduleplot.code.tex
File: pgfmoduleplot.code.tex 2021/05/15 v3.1.9a (3.1.9a)
)
(/usr/share/texlive/texmf-dist/tex/latex/pgf/compatibility/pgfcomp-version-0-65
.sty
Package: pgfcomp-version-0-65 2021/05/15 v3.1.9a (3.1.9a)
\pgf@nodesepstart=\dimen277
\pgf@nodesepend=\dimen278
)
(/usr/share/texlive/texmf-dist/tex/latex/pgf/compatibility/pgfcomp-version-1-18
.sty
Package: pgfcomp-version-1-18 2021/05/15 v3.1.9a (3.1.9a)
)) (/usr/share/texlive/texmf-dist/tex/latex/tools/verbatim.sty
Package: verbatim 2020-07-07 v1.5u LaTeX2e package for verbatim enhancements
\every@verbatim=\toks36
\verbatim@line=\toks37
\verbatim@in@stream=\read3
)
(/usr/share/texlive/texmf-dist/tex/latex/environ/environ.sty
Package: environ 2014/05/04 v0.3 A new way to define environments

(/usr/share/texlive/texmf-dist/tex/latex/trimspaces/trimspaces.sty
Package: trimspaces 2009/09/17 v1.1 Trim spaces around a token list
)
\@envbody=\toks38
)
\tcb@titlebox=\box64
\tcb@upperbox=\box65
\tcb@lowerbox=\box66
\tcb@phantombox=\box67
\c@tcbbreakpart=\count313
\c@tcblayer=\count314
\c@tcolorbox@number=\count315
\tcb@temp=\box68
\tcb@temp=\box69
\tcb@temp=\box70
\tcb@temp=\box71
)
(/usr/share/texlive/texmf-dist/tex/latex/tcolorbox/tcbskins.code.tex
Library (tcolorbox): 'tcbskins.code.tex' version '5.0.2'
(/usr/share/texlive/texmf-dist/tex/latex/pgf/frontendlayer/tikz.sty
(/usr/share/texlive/texmf-dist/tex/latex/pgf/utilities/pgffor.sty
(/usr/share/texlive/texmf-dist/tex/latex/pgf/utilities/pgfkeys.sty
(/usr/share/texlive/texmf-dist/tex/generic/pgf/utilities/pgfkeys.code.tex))
(/usr/share/texlive/texmf-dist/tex/latex/pgf/math/pgfmath.sty
(/usr/share/texlive/texmf-dist/tex/generic/pgf/math/pgfmath.code.tex))
(/usr/share/texlive/texmf-dist/tex/generic/pgf/utilities/pgffor.code.tex
Package: pgffor 2021/05/15 v3.1.9a (3.1.9a)

(/usr/share/texlive/texmf-dist/tex/generic/pgf/math/pgfmath.code.tex)
\pgffor@iter=\dimen279
\pgffor@skip=\dimen280
\pgffor@stack=\toks39
\pgffor@toks=\toks40
))
(/usr/share/texlive/texmf-dist/tex/generic/pgf/frontendlayer/tikz/tikz.code.tex
Package: tikz 2021/05/15 v3.1.9a (3.1.9a)

(/usr/share/texlive/texmf-dist/tex/generic/pgf/libraries/pgflibraryplothandlers
.code.tex
File: pgflibraryplothandlers.code.tex 2021/05/15 v3.1.9a (3.1.9a)
\pgf@plot@mark@count=\count316
\pgfplotmarksize=\dimen281
)
\tikz@lastx=\dimen282
\tikz@lasty=\dimen283
\tikz@lastxsaved=\dimen284
\tikz@lastysaved=\dimen285
\tikz@lastmovetox=\dimen286
\tikz@lastmovetoy=\dimen287
\tikzleveldistance=\dimen288
\tikzsiblingdistance=\dimen289
\tikz@figbox=\box72
\tikz@figbox@bg=\box73
\tikz@tempbox=\box74
\tikz@tempbox@bg=\box75
\tikztreelevel=\count317
\tikznumberofchildren=\count318
\tikznumberofcurrentchild=\count319
\tikz@fig@count=\count320

(/usr/share/texlive/texmf-dist/tex/generic/pgf/modules/pgfmodulematrix.code.tex
File: pgfmodulematrix.code.tex 2021/05/15 v3.1.9a (3.1.9a)
\pgfmatrixcurrentrow=\count321
\pgfmatrixcurrentcolumn=\count322
\pgf@matrix@numberofcolumns=\count323
)
\tikz@expandcount=\count324

(/usr/share/texlive/texmf-dist/tex/generic/pgf/frontendlayer/tikz/libraries/tik
zlibrarytopaths.code.tex
File: tikzlibrarytopaths.code.tex 2021/05/15 v3.1.9a (3.1.9a)
)))
\tcb@waterbox=\box76

(/usr/share/texlive/texmf-dist/tex/latex/tcolorbox/tcbskinsjigsaw.code.tex
Library (tcolorbox): 'tcbskinsjigsaw.code.tex' version '5.0.2'
)) (/usr/share/texlive/texmf-dist/tex/latex/tcolorbox/tcbbreakable.code.tex
Library (tcolorbox): 'tcbbreakable.code.tex' version '5.0.2'
(/usr/share/texlive/texmf-dist/tex/generic/oberdiek/pdfcol.sty
Package: pdfcol 2019/12/29 v1.6 Handle new color stacks for pdfTeX (HO)
Package pdfcol Info: Interface disabled because of missing PDF mode of pdfTeX.
)
Package pdfcol Info: pdfTeX's color stacks are not available.
\tcb@testbox=\box77
\tcb@totalupperbox=\box78
\tcb@totallowerbox=\box79
)
Package hyperref Info: Option `colorlinks' set `true' on input line 46.

Package fontspec Info: Font family 'LiberationSans(0)' created for font
(fontspec)             'Liberation Sans' with options [Ligatures=TeX].
(fontspec)              
(fontspec)              This font family consists of the following NFSS
(fontspec)             series/shapes:
(fontspec)              
(fontspec)             - 'normal' (m/n) with NFSS spec.: <->"Liberation
(fontspec)             Sans/OT:script=latn;language=dflt;mapping=tex-text;"
(fontspec)             - 'small caps'  (m/sc) with NFSS spec.: 
(fontspec)             - 'bold' (b/n) with NFSS spec.: <->"Liberation
(fontspec)             Sans/B/OT:script=latn;language=dflt;mapping=tex-text;"
(fontspec)             - 'bold small caps'  (b/sc) with NFSS spec.: 
(fontspec)             - 'italic' (m/it) with NFSS spec.: <->"Liberation
(fontspec)             Sans/I/OT:script=latn;language=dflt;mapping=tex-text;"
(fontspec)             - 'italic small caps'  (m/scit) with NFSS spec.: 
(fontspec)             - 'bold italic' (b/it) with NFSS spec.: <->"Liberation
(fontspec)             Sans/BI/OT:script=latn;language=dflt;mapping=tex-text;"
(fontspec)             - 'bold italic small caps'  (b/scit) with NFSS spec.: 


Package fontspec Info: Font family 'LiberationMono(0)' created for font
(fontspec)             'Liberation Mono' with options
(fontspec)             [WordSpace={1,0,0},HyphenChar=None,PunctuationSpace=Word
Space].
(fontspec)              
(fontspec)              This font family consists of the following NFSS
(fontspec)             series/shapes:
(fontspec)              
(fontspec)             - 'normal' (m/n) with NFSS spec.: <->"Liberation
(fontspec)             Mono/OT:script=latn;language=dflt;"
(fontspec)             - 'small caps'  (m/sc) with NFSS spec.: 
(fontspec)             and font adjustment code:
(fontspec)             \fontdimen 2\font =1\fontdimen 2\font \fontdimen 3\font
(fontspec)             =0\fontdimen 3\font \fontdimen 4\font =0\fontdimen
(fontspec)             4\font \fontdimen 7\font =0\fontdimen 2\font
(fontspec)             \tex_hyphenchar:D \font =-1\scan_stop: 
(fontspec)             - 'bold' (b/n) with NFSS spec.: <->"Liberation
(fontspec)             Mono/B/OT:script=latn;language=dflt;"
(fontspec)             - 'bold small caps'  (b/sc) with NFSS spec.: 
(fontspec)             and font adjustment code:
(fontspec)             \fontdimen 2\font =1\fontdimen 2\font \fontdimen 3\font
(fontspec)             =0\fontdimen 3\font \fontdimen 4\font =0\fontdimen
(fontspec)             4\font \fontdimen 7\font =0\fontdimen 2\font
(fontspec)             \tex_hyphenchar:D \font =-1\scan_stop: 
(fontspec)             - 'italic' (m/it) with NFSS spec.: <->"Liberation
(fontspec)             Mono/I/OT:script=latn;language=dflt;"
(fontspec)             - 'italic small caps'  (m/scit) with NFSS spec.: 
(fontspec)             and font adjustment code:
(fontspec)             \fontdimen 2\font =1\fontdimen 2\font \fontdimen 3\font
(fontspec)             =0\fontdimen 3\font \fontdimen 4\font =0\fontdimen
(fontspec)             4\font \fontdimen 7\font =0\fontdimen 2\font
(fontspec)             \tex_hyphenchar:D \font =-1\scan_stop: 
(fontspec)             - 'bold italic' (b/it) with NFSS spec.: <->"Liberation
(fontspec)             Mono/BI/OT:script=latn;language=dflt;"
(fontspec)             - 'bold italic small caps'  (b/scit) with NFSS spec.: 
(fontspec)             and font adjustment code:
(fontspec)             \fontdimen 2\font =1\fontdimen 2\font \fontdimen 3\font
(fontspec)             =0\fontdimen 3\font \fontdimen 4\font =0\fontdimen
(fontspec)             4\font \fontdimen 7\font =0\fontdimen 2\font
(fontspec)             \tex_hyphenchar:D \font =-1\scan_stop: 


(./FightCoffee_Annexe_Operationnelle.aux
LaTeX Info: Redefining \rmfamily on input line 19.
LaTeX Info: Redefining \sffamily on input line 19.
LaTeX Info: Redefining \ttfamily on input line 19.
)
\openout1 = `FightCoffee_Annexe_Operationnelle.aux'.

LaTeX Font Info:    Checking defaults for OML/cmm/m/it on input line 101.
LaTeX Font Info:    ... okay on input line 101.
LaTeX Font Info:    Checking defaults for OMS/cmsy/m/n on input line 101.
LaTeX Font Info:    ... okay on input line 101.
LaTeX Font Info:    Checking defaults for OT1/cmr/m/n on input line 101.
LaTeX Font Info:    ... okay on input line 101.
LaTeX Font Info:    Checking defaults for T1/cmr/m/n on input line 101.
LaTeX Font Info:    ... okay on input line 101.
LaTeX Font Info:    Checking defaults for TS1/cmr/m/n on input line 101.
LaTeX Font Info:    Trying to load font information for TS1+cmr on input line 1
01.

(/usr/share/texlive/texmf-dist/tex/latex/base/ts1cmr.fd
File: ts1cmr.fd 2019/12/16 v2.5j Standard LaTeX font definitions
)
LaTeX Font Info:    ... okay on input line 101.
LaTeX Font Info:    Checking defaults for TU/lmr/m/n on input line 101.
LaTeX Font Info:    ... okay on input line 101.
LaTeX Font Info:    Checking defaults for OMX/cmex/m/n on input line 101.
LaTeX Font Info:    ... okay on input line 101.
LaTeX Font Info:    Checking defaults for U/cmr/m/n on input line 101.
LaTeX Font Info:    ... okay on input line 101.
LaTeX Font Info:    Checking defaults for PD1/pdf/m/n on input line 101.
LaTeX Font Info:    ... okay on input line 101.
LaTeX Font Info:    Checking defaults for PU/pdf/m/n on input line 101.
LaTeX Font Info:    ... okay on input line 101.

Package fontspec Info: Adjusting the maths setup (use [no-math] to avoid
(fontspec)             this).

\symlegacymaths=\mathgroup4
LaTeX Font Info:    Overwriting symbol font `legacymaths' in version `bold'
(Font)                  OT1/cmr/m/n --> OT1/cmr/bx/n on input line 101.
LaTeX Font Info:    Redeclaring math accent \acute on input line 101.
LaTeX Font Info:    Redeclaring math accent \grave on input line 101.
LaTeX Font Info:    Redeclaring math accent \ddot on input line 101.
LaTeX Font Info:    Redeclaring math accent \tilde on input line 101.
LaTeX Font Info:    Redeclaring math accent \bar on input line 101.
LaTeX Font Info:    Redeclaring math accent \breve on input line 101.
LaTeX Font Info:    Redeclaring math accent \check on input line 101.
LaTeX Font Info:    Redeclaring math accent \hat on input line 101.
LaTeX Font Info:    Redeclaring math accent \dot on input line 101.
LaTeX Font Info:    Redeclaring math accent \mathring on input line 101.
LaTeX Font Info:    Redeclaring math symbol \colon on input line 101.
LaTeX Font Info:    Redeclaring math symbol \Gamma on input line 101.
LaTeX Font Info:    Redeclaring math symbol \Delta on input line 101.
LaTeX Font Info:    Redeclaring math symbol \Theta on input line 101.
LaTeX Font Info:    Redeclaring math symbol \Lambda on input line 101.
LaTeX Font Info:    Redeclaring math symbol \Xi on input line 101.
LaTeX Font Info:    Redeclaring math symbol \Pi on input line 101.
LaTeX Font Info:    Redeclaring math symbol \Sigma on input line 101.
LaTeX Font Info:    Redeclaring math symbol \Upsilon on input line 101.
LaTeX Font Info:    Redeclaring math symbol \Phi on input line 101.
LaTeX Font Info:    Redeclaring math symbol \Psi on input line 101.
LaTeX Font Info:    Redeclaring math symbol \Omega on input line 101.
LaTeX Font Info:    Redeclaring math symbol \mathdollar on input line 101.
LaTeX Font Info:    Redeclaring symbol font `operators' on input line 101.
LaTeX Font Info:    Encoding `OT1' has changed to `TU' for symbol font
(Font)              `operators' in the math version `normal' on input line 101.

LaTeX Font Info:    Overwriting symbol font `operators' in version `normal'
(Font)                  OT1/cmr/m/n --> TU/LiberationSans(0)/m/n on input line 
101.
LaTeX Font Info:    Encoding `OT1' has changed to `TU' for symbol font
(Font)              `operators' in the math version `bold' on input line 101.
LaTeX Font Info:    Overwriting symbol font `operators' in version `bold'
(Font)                  OT1/cmr/bx/n --> TU/LiberationSans(0)/m/n on input line
 101.
LaTeX Font Info:    Overwriting symbol font `operators' in version `normal'
(Font)                  TU/LiberationSans(0)/m/n --> TU/LiberationSans(0)/m/n o
n input line 101.
LaTeX Font Info:    Overwriting math alphabet `\mathit' in version `normal'
(Font)                  OT1/cmr/m/it --> TU/LiberationSans(0)/m/it on input lin
e 101.
LaTeX Font Info:    Overwriting math alphabet `\mathbf' in version `normal'
(Font)                  OT1/cmr/bx/n --> TU/LiberationSans(0)/b/n on input line
 101.
LaTeX Font Info:    Overwriting math alphabet `\mathsf' in version `normal'
(Font)                  OT1/cmss/m/n --> TU/lmss/m/n on input line 101.
LaTeX Font Info:    Overwriting math alphabet `\mathtt' in version `normal'
(Font)                  OT1/cmtt/m/n --> TU/LiberationMono(0)/m/n on input line
 101.
LaTeX Font Info:    Overwriting symbol font `operators' in version `bold'
(Font)                  TU/LiberationSans(0)/m/n --> TU/LiberationSans(0)/b/n o
n input line 101.
LaTeX Font Info:    Overwriting math alphabet `\mathit' in version `bold'
(Font)                  OT1/cmr/bx/it --> TU/LiberationSans(0)/b/it on input li
ne 101.
LaTeX Font Info:    Overwriting math alphabet `\mathsf' in version `bold'
(Font)                  OT1/cmss/bx/n --> TU/lmss/b/n on input line 101.
LaTeX Font Info:    Overwriting math alphabet `\mathtt' in version `bold'
(Font)                  OT1/cmtt/m/n --> TU/LiberationMono(0)/b/n on input line
 101.

*geometry* driver: auto-detecting
*geometry* detected driver: xetex
*geometry* verbose mode - [ preamble ] result:
* driver: xetex
* paper: a4paper
* layout: <same size as paper>
* layoutoffset:(h,v)=(0.0pt,0.0pt)
* modes: 
* h-part:(L,W,R)=(71.13188pt, 455.24411pt, 71.13188pt)
* v-part:(T,H,B)=(62.59596pt, 711.319pt, 71.13188pt)
* \paperwidth=597.50787pt
* \paperheight=845.04684pt
* \textwidth=455.24411pt
* \textheight=711.319pt
* \oddsidemargin=-1.1381pt
* \evensidemargin=-1.1381pt
* \topmargin=-46.67403pt
* \headheight=12.0pt
* \headsep=25.0pt
* \topskip=11.0pt
* \footskip=30.0pt
* \marginparwidth=50.0pt
* \marginparsep=10.0pt
* \columnsep=10.0pt
* \skip\footins=10.0pt plus 4.0pt minus 2.0pt
* \hoffset=0.0pt
* \voffset=0.0pt
* \mag=1000
* \@twocolumnfalse
* \@twosidefalse
* \@mparswitchfalse
* \@reversemarginfalse
* (1in=72.27pt=25.4mm, 1cm=28.453pt)

Package hyperref Info: Link coloring ON on input line 101.
(/usr/share/texlive/texmf-dist/tex/latex/hyperref/nameref.sty
Package: nameref 2021-04-02 v2.47 Cross-referencing by name of section

(/usr/share/texlive/texmf-dist/tex/latex/refcount/refcount.sty
Package: refcount 2019/12/15 v3.6 Data extraction from label references (HO)
)
(/usr/share/texlive/texmf-dist/tex/generic/gettitlestring/gettitlestring.sty
Package: gettitlestring 2019/12/15 v1.6 Cleanup title references (HO)
)
\c@section@level=\count325
)
LaTeX Info: Redefining \ref on input line 101.
LaTeX Info: Redefining \pageref on input line 101.
LaTeX Info: Redefining \nameref on input line 101.

(./FightCoffee_Annexe_Operationnelle.out)
(./FightCoffee_Annexe_Operationnelle.out)
\@outlinefile=\write4
\openout4 = `FightCoffee_Annexe_Operationnelle.out'.

LaTeX Info: Redefining \microtypecontext on input line 101.
Package microtype Info: Applying patch `item' on input line 101.
Package microtype Info: Applying patch `toc' on input line 101.
Package microtype Info: Applying patch `eqnum' on input line 101.
Package microtype Info: Applying patch `footnote' on input line 101.
Package microtype Info: Character protrusion enabled (level 2).
Package microtype Info: Using default protrusion set `alltext'.
Package microtype Info: No adjustment of tracking.
Package microtype Info: No adjustment of spacing.
Package microtype Info: No adjustment of kerning.
Package microtype Info: Loading generic protrusion settings for font family
(microtype)             `LiberationSans' (encoding: TU).
(microtype)             For optimal results, create family-specific settings.
(microtype)             See the microtype manual for details.
LaTeX Info: Redefining \rmfamily on input line 101.
LaTeX Info: Redefining \sffamily on input line 101.
LaTeX Info: Redefining \ttfamily on input line 101.
Package microtype Info: Loading generic protrusion settings for font family
(microtype)             `LiberationMono' (encoding: TU).
(microtype)             For optimal results, create family-specific settings.
(microtype)             See the microtype manual for details.
 [1

]
(./FightCoffee_Annexe_Operationnelle.toc
LaTeX Info: Redefining \rmfamily on input line 1.
LaTeX Info: Redefining \sffamily on input line 1.
LaTeX Info: Redefining \ttfamily on input line 1.
LaTeX Font Info:    External font `cmex10' loaded for size
(Font)              <10.95> on input line 3.
LaTeX Font Info:    External font `cmex10' loaded for size
(Font)              <8> on input line 3.
LaTeX Font Info:    External font `cmex10' loaded for size
(Font)              <6> on input line 3.

(/usr/share/texlive/texmf-dist/tex/latex/microtype/mt-cmr.cfg
File: mt-cmr.cfg 2013/05/19 v2.2 microtype config. file: Computer Modern Roman 
(RS)
))
\tf@toc=\write5
\openout5 = `FightCoffee_Annexe_Operationnelle.toc'.



Package fancyhdr Warning: \headheight is too small (12.0pt): 
(fancyhdr)                Make it at least 12.4pt, for example:
(fancyhdr)                \setlength{\headheight}{12.4pt}.
(fancyhdr)                You might also make \topmargin smaller to compensate:

(fancyhdr)                \addtolength{\topmargin}{-0.4pt}.

[2]
Missing character: There is no ★ (U+2605) in font Liberation Sans Bold/OT:scrip
t=latn;language=dflt;mapping=tex-text;!

Underfull \hbox (badness 10000) in paragraph at lines 137--137
[]|\TU/LiberationSans(0)/m/n/10.95 Totale — tout est
 []


Underfull \hbox (badness 10000) in paragraph at lines 138--139
[]|\TU/LiberationSans(0)/m/n/10.95 Gérant (TNS —
 []


Underfull \hbox (badness 10000) in paragraph at lines 139--139
[]|\TU/LiberationSans(0)/m/n/10.95 Protection sociale
 []


Underfull \hbox (badness 6559) in paragraph at lines 139--139
[]|\TU/LiberationSans(0)/m/n/10.95 Sécurité sociale + retraite
 []


Underfull \hbox (badness 10000) in paragraph at lines 141--141
[]|\TU/LiberationSans(0)/m/n/10.95 Libre (sauf clause
 []


Underfull \hbox (badness 10000) in paragraph at lines 141--142
[]|\TU/LiberationSans(0)/m/n/10.95 Agrément associés
 []


Underfull \hbox (badness 10000) in paragraph at lines 143--143
[]|\TU/LiberationSans(0)/m/n/10.95 Bulletin de salaire —
 []


Underfull \hbox (badness 10000) in paragraph at lines 146--146
[]|\TU/LiberationSans(0)/m/n/10.95 Recommandé pour
 []

Missing character: There is no ✓ (U+2713) in font Liberation Sans/OT:script=lat
n;language=dflt;mapping=tex-text;!

Underfull \hbox (badness 10000) in paragraph at lines 146--146
[]|[]\TU/LiberationSans(0)/m/n/10.95 ✓ Oui — flexibilité,
 []

Missing character: There is no ✗ (U+2717) in font Liberation Sans/OT:script=lat
n;language=dflt;mapping=tex-text;!

Overfull \hbox (6.09602pt too wide) in paragraph at lines 153--154
[]\TU/LiberationSans(0)/b/n/10.95 1. Rédaction des statuts : \TU/LiberationSans
(0)/m/n/10.95 Par un avocat spécialisé en droit des sociétés ou un expert-compt
able.
 []

Missing character: There is no ⚠ (U+26A0) in font Liberation Sans/OT:script=lat
n;language=dflt;mapping=tex-text;!

Package fancyhdr Warning: \headheight is too small (12.0pt): 
(fancyhdr)                Make it at least 12.4pt, for example:
(fancyhdr)                \setlength{\headheight}{12.4pt}.
(fancyhdr)                You might also make \topmargin smaller to compensate:

(fancyhdr)                \addtolength{\topmargin}{-0.4pt}.

[3]
Underfull \hbox (badness 3965) in paragraph at lines 182--183
[]|\TU/LiberationSans(0)/m/n/10.95 50% / 50% entre les deux fondateurs. Capital

 []


Underfull \hbox (badness 10000) in paragraph at lines 183--183
[]|\TU/LiberationSans(0)/m/n/10.95 Valorisation des
 []


Underfull \hbox (badness 10000) in paragraph at lines 189--190
[]|\TU/LiberationSans(0)/m/n/10.95 En cas de blocage décisionnel (vote 50/50
 []


Underfull \hbox (badness 10000) in paragraph at lines 190--191
[]|\TU/LiberationSans(0)/m/n/10.95 Décisions ordinaires (majorité simple) vs
 []


Underfull \hbox (badness 10000) in paragraph at lines 191--191
[]|\TU/LiberationSans(0)/m/n/10.95 Rémunération
 []

Missing character: There is no ⚠ (U+26A0) in font Liberation Sans/OT:script=lat
n;language=dflt;mapping=tex-text;!

Package fancyhdr Warning: \headheight is too small (12.0pt): 
(fancyhdr)                Make it at least 12.4pt, for example:
(fancyhdr)                \setlength{\headheight}{12.4pt}.
(fancyhdr)                You might also make \topmargin smaller to compensate:

(fancyhdr)                \addtolength{\topmargin}{-0.4pt}.

[4]
Underfull \hbox (badness 10000) in paragraph at lines 219--219
[]|\TU/LiberationSans(0)/m/n/10.95 15% sur les 42 500
 []


Underfull \hbox (badness 10000) in paragraph at lines 222--222
[]|\TU/LiberationSans(0)/m/n/10.95 Rémunération
 []


Underfull \hbox (badness 4543) in paragraph at lines 222--222
[]|\TU/LiberationSans(0)/m/n/10.95 Charges salariales ~75–
 []


Underfull \hbox (badness 10000) in paragraph at lines 223--223
[]|\TU/LiberationSans(0)/m/n/10.95 Exonération partielle
 []


Underfull \hbox (badness 1648) in paragraph at lines 224--225
[]|\TU/LiberationSans(0)/m/n/10.95 Déclarations mensuelles ou
 []


Underfull \hbox (badness 10000) in paragraph at lines 225--225
\TU/LiberationSans(0)/m/n/10.95 être exonérés de TVA
 []


Underfull \hbox (badness 3375) in paragraph at lines 226--226
[]|\TU/LiberationSans(0)/m/n/10.95 Taxe locale due dès la
 []


Underfull \hbox (badness 10000) in paragraph at lines 226--227
[]|\TU/LiberationSans(0)/m/n/10.95 Prévoir 1 500–3 000€/an
 []

Missing character: There is no ⚠ (U+26A0) in font Liberation Sans/OT:script=lat
n;language=dflt;mapping=tex-text;!

Underfull \hbox (badness 1478) in paragraph at lines 236--237
\TU/LiberationSans(0)/m/n/10 obtiennent une exonération partielle, d’autres pas
. Ne pas supposer l’exonération dans le
 []


Overfull \hbox (0.77078pt too wide) in paragraph at lines 241--242
\TU/LiberationSans(0)/m/n/10.95 tensions et des risques personnels. Le tableau 
ci-dessous fixe un plan progressif lié aux objectifs. 
 []


Underfull \hbox (badness 10000) in paragraph at lines 246--246
[]|\TU/LiberationSans(0)/b/n/10.95 Salaire
 []


Underfull \hbox (badness 10000) in paragraph at lines 246--246
[]|\TU/LiberationSans(0)/b/n/10.95 Coût
 []


Underfull \hbox (badness 10000) in paragraph at lines 246--247
[]|\TU/LiberationSans(0)/b/n/10.95 Condition
 []


Underfull \hbox (badness 10000) in paragraph at lines 248--248
[]|\TU/LiberationSans(0)/m/n/10.95 M1 à M6
 []


Underfull \hbox (badness 10000) in paragraph at lines 248--249
[]|\TU/LiberationSans(0)/m/n/10.95 Toujours —
 []


Underfull \hbox (badness 10000) in paragraph at lines 249--249
[]|\TU/LiberationSans(0)/m/n/10.95 M7 à M12
 []


Underfull \hbox (badness 10000) in paragraph at lines 249--250
[]|\TU/LiberationSans(0)/m/n/10.95 > 140 membres
 []


Underfull \hbox (badness 10000) in paragraph at lines 252--252
[]|\TU/LiberationSans(0)/m/n/10.95 Dividendes (An
 []


Package fancyhdr Warning: \headheight is too small (12.0pt): 
(fancyhdr)                Make it at least 12.4pt, for example:
(fancyhdr)                \setlength{\headheight}{12.4pt}.
(fancyhdr)                You might also make \topmargin smaller to compensate:

(fancyhdr)                \addtolength{\topmargin}{-0.4pt}.

[5]
Missing character: There is no ⚠ (U+26A0) in font Liberation Sans/OT:script=lat
n;language=dflt;mapping=tex-text;!

Underfull \hbox (badness 10000) in paragraph at lines 276--276
[]|\TU/LiberationSans(0)/b/n/10.95 Certif.
 []


Underfull \hbox (badness 10000) in paragraph at lines 278--278
[]|\TU/LiberationSans(0)/m/n/10.95 Coach MMA /
 []


Underfull \hbox (badness 10000) in paragraph at lines 278--278
[]|\TU/LiberationSans(0)/m/n/10.95 J1
 []


Overfull \hbox (3.58034pt too wide) in paragraph at lines 278--278
\TU/LiberationSans(0)/m/n/10.95 ouverture| 
 []


Underfull \hbox (badness 10000) in paragraph at lines 278--278
[]|\TU/LiberationSans(0)/m/n/10.95 BPJEPS
 []


Underfull \hbox (badness 10000) in paragraph at lines 278--278
[]|[]\TU/LiberationSans(0)/b/n/10.95 2 000–2
 []


Underfull \hbox (badness 10000) in paragraph at lines 278--278
[]|\TU/LiberationSans(0)/m/n/10.95 3 600–4
 []


Overfull \hbox (1.1022pt too wide) in paragraph at lines 278--279
[]|[]\TU/LiberationSans(0)/b/n/10.95 CRITIQUE[]| 
 []


Underfull \hbox (badness 10000) in paragraph at lines 279--279
[]|\TU/LiberationSans(0)/m/n/10.95 Coach Boxe /
 []


Underfull \hbox (badness 10000) in paragraph at lines 279--279
[]|\TU/LiberationSans(0)/m/n/10.95 J1
 []


Overfull \hbox (3.58034pt too wide) in paragraph at lines 279--279
\TU/LiberationSans(0)/m/n/10.95 ouverture| 
 []


Underfull \hbox (badness 10000) in paragraph at lines 279--279
[]|\TU/LiberationSans(0)/m/n/10.95 BPJEPS
 []


Underfull \hbox (badness 10000) in paragraph at lines 279--279
[]|[]\TU/LiberationSans(0)/b/n/10.95 2 000–2
 []


Underfull \hbox (badness 10000) in paragraph at lines 279--279
[]|\TU/LiberationSans(0)/m/n/10.95 3 600–4
 []


Overfull \hbox (1.1022pt too wide) in paragraph at lines 279--280
[]|[]\TU/LiberationSans(0)/b/n/10.95 CRITIQUE[]| 
 []


Underfull \hbox (badness 10000) in paragraph at lines 280--280
[]|\TU/LiberationSans(0)/m/n/10.95 Barista / Resp.
 []


Underfull \hbox (badness 10000) in paragraph at lines 280--280
[]|\TU/LiberationSans(0)/m/n/10.95 J1
 []


Overfull \hbox (3.58034pt too wide) in paragraph at lines 280--280
\TU/LiberationSans(0)/m/n/10.95 ouverture| 
 []


Underfull \hbox (badness 10000) in paragraph at lines 280--280
[]|\TU/LiberationSans(0)/m/n/10.95 CAP barista
 []


Underfull \hbox (badness 10000) in paragraph at lines 280--280
\TU/LiberationSans(0)/m/n/10.95 ou formation
 []


Underfull \hbox (badness 10000) in paragraph at lines 280--280
[]|\TU/LiberationSans(0)/m/n/10.95 1 900–2
 []


Underfull \hbox (badness 10000) in paragraph at lines 280--280
[]|\TU/LiberationSans(0)/m/n/10.95 3 420–3
 []


Underfull \hbox (badness 10000) in paragraph at lines 281--281
[]|\TU/LiberationSans(0)/m/n/10.95 Coach BJJ /
 []


Underfull \hbox (badness 10000) in paragraph at lines 281--281
\TU/LiberationSans(0)/m/n/10.95 ou diplôme
 []


Underfull \hbox (badness 10000) in paragraph at lines 281--281
[]|\TU/LiberationSans(0)/m/n/10.95 2 000–2
 []


Underfull \hbox (badness 10000) in paragraph at lines 281--281
[]|\TU/LiberationSans(0)/m/n/10.95 3 600–4
 []


Underfull \hbox (badness 1852) in paragraph at lines 282--282
[]|\TU/LiberationSans(0)/m/n/10.95 Coach Enfants /
 []


Underfull \hbox (badness 10000) in paragraph at lines 282--282
[]|\TU/LiberationSans(0)/m/n/10.95 M3 (si
 []


Underfull \hbox (badness 10000) in paragraph at lines 282--282
[]|\TU/LiberationSans(0)/m/n/10.95 BPJEPS
 []


Underfull \hbox (badness 10000) in paragraph at lines 282--282
\TU/LiberationSans(0)/m/n/10.95 B3 vierge
 []


Underfull \hbox (badness 10000) in paragraph at lines 282--282
[]|\TU/LiberationSans(0)/m/n/10.95 1 900–2
 []


Underfull \hbox (badness 10000) in paragraph at lines 282--282
[]|\TU/LiberationSans(0)/m/n/10.95 3 420–3
 []


Underfull \hbox (badness 10000) in paragraph at lines 283--283
[]|\TU/LiberationSans(0)/m/n/10.95 Community
 []


Underfull \hbox (badness 10000) in paragraph at lines 283--283
\TU/LiberationSans(0)/m/n/10.95 Manager /
 []


Underfull \hbox (badness 10000) in paragraph at lines 283--283
[]|\TU/LiberationSans(0)/m/n/10.95 Aucune —
 []


Underfull \hbox (badness 10000) in paragraph at lines 283--283
\TU/LiberationSans(0)/m/n/10.95 expérience
 []


Underfull \hbox (badness 10000) in paragraph at lines 283--283
[]|\TU/LiberationSans(0)/m/n/10.95 1 800–2
 []


Underfull \hbox (badness 10000) in paragraph at lines 283--283
[]|\TU/LiberationSans(0)/m/n/10.95 3 240–3
 []


Overfull \hbox (4.14981pt too wide) in paragraph at lines 283--284
[]|\TU/LiberationSans(0)/m/n/10.95 MOYENNE| 
 []


Underfull \hbox (badness 10000) in paragraph at lines 284--284
[]|\TU/LiberationSans(0)/m/n/10.95 Responsable
 []


Underfull \hbox (badness 10000) in paragraph at lines 284--284
[]|\TU/LiberationSans(0)/m/n/10.95 Expérience
 []


Underfull \hbox (badness 10000) in paragraph at lines 284--284
\TU/LiberationSans(0)/m/n/10.95 gestion
 []


Underfull \hbox (badness 10000) in paragraph at lines 284--284
\TU/LiberationSans(0)/m/n/10.95 salle ou
 []


Underfull \hbox (badness 10000) in paragraph at lines 284--284
[]|\TU/LiberationSans(0)/m/n/10.95 2 400–3
 []


Underfull \hbox (badness 10000) in paragraph at lines 284--284
[]|\TU/LiberationSans(0)/m/n/10.95 4 320–5
 []


Underfull \hbox (badness 10000) in paragraph at lines 285--285
[]|\TU/LiberationSans(0)/m/n/10.95 Coach
 []


Underfull \hbox (badness 2762) in paragraph at lines 285--285
[]|\TU/LiberationSans(0)/m/n/10.95 An 2 si
 []


Underfull \hbox (badness 10000) in paragraph at lines 285--285
\TU/LiberationSans(0)/m/n/10.95 > 250
 []


Overfull \hbox (2.95477pt too wide) in paragraph at lines 285--285
\TU/LiberationSans(0)/m/n/10.95 membres| 
 []


Underfull \hbox (badness 10000) in paragraph at lines 285--285
[]|\TU/LiberationSans(0)/m/n/10.95 2 000–2
 []


Underfull \hbox (badness 10000) in paragraph at lines 285--285
[]|\TU/LiberationSans(0)/m/n/10.95 3 600–4
 []


Package fancyhdr Warning: \headheight is too small (12.0pt): 
(fancyhdr)                Make it at least 12.4pt, for example:
(fancyhdr)                \setlength{\headheight}{12.4pt}.
(fancyhdr)                You might also make \topmargin smaller to compensate:

(fancyhdr)                \addtolength{\topmargin}{-0.4pt}.

[6]
Missing character: There is no ⚠ (U+26A0) in font Liberation Sans/OT:script=lat
n;language=dflt;mapping=tex-text;!

Underfull \hbox (badness 10000) in paragraph at lines 305--305
[]|\TU/LiberationSans(0)/b/n/10.95 Disciplines
 []


Underfull \hbox (badness 10000) in paragraph at lines 305--305
[]|\TU/LiberationSans(0)/b/n/10.95 Durée
 []


Underfull \hbox (badness 10000) in paragraph at lines 307--307
[]|\TU/LiberationSans(0)/m/n/10.95 BPJEPS AGFF
 []


Underfull \hbox (badness 10000) in paragraph at lines 307--307
[]|\TU/LiberationSans(0)/m/n/10.95 Haltérophilie,
 []


Underfull \hbox (badness 10000) in paragraph at lines 307--307
[]|\TU/LiberationSans(0)/m/n/10.95 400–600h en
 []


Underfull \hbox (badness 10000) in paragraph at lines 308--308
[]|\TU/LiberationSans(0)/m/n/10.95 BPJEPS AGFF
 []


Underfull \hbox (badness 10000) in paragraph at lines 308--308
[]|\TU/LiberationSans(0)/m/n/10.95 Luttes, Judo,
 []


Underfull \hbox (badness 10000) in paragraph at lines 308--308
\TU/LiberationSans(0)/m/n/10.95 Sports de
 []


Underfull \hbox (badness 10000) in paragraph at lines 309--309
[]|\TU/LiberationSans(0)/m/n/10.95 BPJEPS AGFF
 []


Underfull \hbox (badness 10000) in paragraph at lines 309--309
[]|\TU/LiberationSans(0)/m/n/10.95 Boxe anglaise,
 []


Underfull \hbox (badness 10000) in paragraph at lines 309--309
\TU/LiberationSans(0)/m/n/10.95 Savate, Muay
 []


Underfull \hbox (badness 10000) in paragraph at lines 310--310
[]|\TU/LiberationSans(0)/m/n/10.95 CQP Instructeur
 []


Underfull \hbox (badness 10000) in paragraph at lines 310--310
[]|\TU/LiberationSans(0)/m/n/10.95 ~100h
 []


Underfull \hbox (badness 10000) in paragraph at lines 312--312
[]|\TU/LiberationSans(0)/m/n/10.95 DEJEPS
 []


Underfull \hbox (badness 10000) in paragraph at lines 312--312
\TU/LiberationSans(0)/m/n/10.95 Performance
 []


Underfull \hbox (badness 10000) in paragraph at lines 312--312
[]|\TU/LiberationSans(0)/m/n/10.95 Entraîneur
 []


Underfull \hbox (badness 10000) in paragraph at lines 312--312
\TU/LiberationSans(0)/m/n/10.95 niveau 2 —
 []


Underfull \hbox (badness 10000) in paragraph at lines 313--313
[]|\TU/LiberationSans(0)/m/n/10.95 Attestation Casier
 []


Underfull \hbox (badness 10000) in paragraph at lines 313--313
\TU/LiberationSans(0)/m/n/10.95 les encadrants
 []


Underfull \hbox (badness 10000) in paragraph at lines 313--313
[]|\TU/LiberationSans(0)/m/n/10.95 Gratuit —
 []


Underfull \hbox (badness 10000) in paragraph at lines 313--313
\TU/LiberationSans(0)/m/n/10.95 demande en
 []


Underfull \hbox (badness 10000) in paragraph at lines 314--314
[]|\TU/LiberationSans(0)/m/n/10.95 Formation Gestes
 []


Underfull \hbox (badness 10000) in paragraph at lines 314--314
[]|\TU/LiberationSans(0)/m/n/10.95 SST ou PSC1
 []


Package fancyhdr Warning: \headheight is too small (12.0pt): 
(fancyhdr)                Make it at least 12.4pt, for example:
(fancyhdr)                \setlength{\headheight}{12.4pt}.
(fancyhdr)                You might also make \topmargin smaller to compensate:

(fancyhdr)                \addtolength{\topmargin}{-0.4pt}.

[7]
Overfull \hbox (0.64055pt too wide) in paragraph at lines 319--320
\TU/LiberationSans(0)/m/n/10.95 un Certificat de Qualification Professionnelle 
délivré par la fédération — il autorise l’encadrement
 []


Overfull \hbox (9.76202pt too wide) in paragraph at lines 321--322
[]\TU/LiberationSans(0)/b/n/10.95 Formation continue : \TU/LiberationSans(0)/m/
n/10.95 Prévoir un budget formation de 500–1 000€ par coach et par an. Finançab
le
 []


Package fancyhdr Warning: \headheight is too small (12.0pt): 
(fancyhdr)                Make it at least 12.4pt, for example:
(fancyhdr)                \setlength{\headheight}{12.4pt}.
(fancyhdr)                You might also make \topmargin smaller to compensate:

(fancyhdr)                \addtolength{\topmargin}{-0.4pt}.

[8]
Underfull \hbox (badness 10000) in paragraph at lines 366--366
[]|\TU/LiberationSans(0)/b/n/10.95 Charges
 []


Underfull \hbox (badness 10000) in paragraph at lines 366--367
[]|\TU/LiberationSans(0)/b/n/10.95 Total
 []

Missing character: There is no ★ (U+2605) in font Liberation Sans/OT:script=lat
n;language=dflt;mapping=tex-text;!

Underfull \hbox (badness 6110) in paragraph at lines 371--371
[]|\TU/LiberationSans(0)/m/n/10.95 350 m² — loyer élevé
 []


Underfull \hbox (badness 10000) in paragraph at lines 385--385
[]|\TU/LiberationSans(0)/b/n/10.95 Point de
 []


Underfull \hbox (badness 1769) in paragraph at lines 387--387
[]|\TU/LiberationSans(0)/m/n/10.95 Bail commercial 3-6-9
 []


Underfull \hbox (badness 1248) in paragraph at lines 390--391
[]|\TU/LiberationSans(0)/m/n/10.95 Exiger 3–6 mois si travaux
 []


Underfull \hbox (badness 10000) in paragraph at lines 391--392
[]|\TU/LiberationSans(0)/m/n/10.95 Négocier une participation
 []


Underfull \hbox (badness 10000) in paragraph at lines 392--392
[]|\TU/LiberationSans(0)/m/n/10.95 Charges
 []


Underfull \hbox (badness 3281) in paragraph at lines 392--393
[]|\TU/LiberationSans(0)/m/n/10.95 Plafonner à 15% du loyer
 []


Underfull \hbox (badness 6542) in paragraph at lines 393--394
[]|\TU/LiberationSans(0)/m/n/10.95 Obtenir destination large :
 []


Underfull \hbox (badness 1102) in paragraph at lines 393--394
\TU/LiberationSans(0)/m/n/10.95 salle de sport + commerce
 []


Underfull \hbox (badness 10000) in paragraph at lines 394--395
[]|\TU/LiberationSans(0)/m/n/10.95 Standard — prévoir +2–
 []


Underfull \hbox (badness 10000) in paragraph at lines 396--396
[]|\TU/LiberationSans(0)/m/n/10.95 Contradictoire à
 []


Underfull \hbox (badness 4940) in paragraph at lines 396--397
[]|\TU/LiberationSans(0)/m/n/10.95 Toujours faire appel à un
 []


Package fancyhdr Warning: \headheight is too small (12.0pt): 
(fancyhdr)                Make it at least 12.4pt, for example:
(fancyhdr)                \setlength{\headheight}{12.4pt}.
(fancyhdr)                You might also make \topmargin smaller to compensate:

(fancyhdr)                \addtolength{\topmargin}{-0.4pt}.

[9]
Missing character: There is no ⚠ (U+26A0) in font Liberation Sans/OT:script=lat
n;language=dflt;mapping=tex-text;!
LaTeX Font Info:    External font `cmex10' loaded for size
(Font)              <7> on input line 422.
LaTeX Font Info:    External font `cmex10' loaded for size
(Font)              <5> on input line 422.

Overfull \hbox (2.3813pt too wide) in paragraph at lines 424--424
[]|\TU/LiberationSans(0)/b/n/10 M10| 
 []


Overfull \hbox (1.82954pt too wide) in paragraph at lines 424--424
[]|\TU/LiberationSans(0)/b/n/10 M11| 
 []


Overfull \hbox (2.3813pt too wide) in paragraph at lines 424--425
[]|\TU/LiberationSans(0)/b/n/10 M12| 
 []


Underfull \hbox (badness 10000) in paragraph at lines 435--435
[]|[]\TU/LiberationSans(0)/m/n/10 –
 []


Underfull \hbox (badness 10000) in paragraph at lines 435--435
[]|[]\TU/LiberationSans(0)/m/n/10 –
 []


Underfull \hbox (badness 10000) in paragraph at lines 436--436
[]|[]\TU/LiberationSans(0)/m/n/10 –
 []


Underfull \hbox (badness 10000) in paragraph at lines 436--436
[]|[]\TU/LiberationSans(0)/m/n/10 –
 []


Underfull \hbox (badness 10000) in paragraph at lines 436--436
[]|[]\TU/LiberationSans(0)/m/n/10 –
 []


Underfull \hbox (badness 10000) in paragraph at lines 436--436
[]|[]\TU/LiberationSans(0)/m/n/10 –
 []


Underfull \hbox (badness 10000) in paragraph at lines 436--436
[]|[]\TU/LiberationSans(0)/m/n/10 –
 []


Underfull \hbox (badness 10000) in paragraph at lines 436--436
[]|[]\TU/LiberationSans(0)/m/n/10 –
 []


Underfull \hbox (badness 10000) in paragraph at lines 436--436
[]|[]\TU/LiberationSans(0)/m/n/10 –
 []


Underfull \hbox (badness 10000) in paragraph at lines 436--436
[]|[]\TU/LiberationSans(0)/m/n/10 –
 []


Underfull \hbox (badness 10000) in paragraph at lines 436--436
[]|[]\TU/LiberationSans(0)/m/n/10 –
 []


Underfull \hbox (badness 10000) in paragraph at lines 436--436
[]|[]\TU/LiberationSans(0)/m/n/10 –
 []


Underfull \hbox (badness 10000) in paragraph at lines 436--436
[]|[]\TU/LiberationSans(0)/m/n/10 –
 []


Underfull \hbox (badness 10000) in paragraph at lines 436--437
[]|[]\TU/LiberationSans(0)/m/n/10 –
 []


Package fancyhdr Warning: \headheight is too small (12.0pt): 
(fancyhdr)                Make it at least 12.4pt, for example:
(fancyhdr)                \setlength{\headheight}{12.4pt}.
(fancyhdr)                You might also make \topmargin smaller to compensate:

(fancyhdr)                \addtolength{\topmargin}{-0.4pt}.

[10]
Overfull \hbox (1.98155pt too wide) in paragraph at lines 447--448
[]\TU/LiberationSans(0)/b/n/10.95 M4–M5 — Point mort opérationnel mensuel : \TU
/LiberationSans(0)/m/n/10.95 Avec ~130 membres et 22–26k€ de CA mensuel,
 []

Missing character: There is no ⚠ (U+26A0) in font Liberation Sans/OT:script=lat
n;language=dflt;mapping=tex-text;!

Package fancyhdr Warning: \headheight is too small (12.0pt): 
(fancyhdr)                Make it at least 12.4pt, for example:
(fancyhdr)                \setlength{\headheight}{12.4pt}.
(fancyhdr)                You might also make \topmargin smaller to compensate:

(fancyhdr)                \addtolength{\topmargin}{-0.4pt}.

[11]
Overfull \hbox (0.71138pt too wide) in paragraph at lines 475--475
[]|\TU/LiberationSans(0)/b/n/10 Mar| 
 []


Overfull \hbox (0.7065pt too wide) in paragraph at lines 475--475
[]|\TU/LiberationSans(0)/b/n/10 Jun| 
 []


Overfull \hbox (2.36665pt too wide) in paragraph at lines 475--475
[]|\TU/LiberationSans(0)/b/n/10 Aoû| 
 []


Overfull \hbox (1.26802pt too wide) in paragraph at lines 475--475
[]|\TU/LiberationSans(0)/b/n/10 Sep| 
 []


Overfull \hbox (1.81978pt too wide) in paragraph at lines 475--475
[]|\TU/LiberationSans(0)/b/n/10 Nov| 
 []


Overfull \hbox (1.2729pt too wide) in paragraph at lines 475--476
[]|\TU/LiberationSans(0)/b/n/10 Déc| 
 []


Underfull \hbox (badness 10000) in paragraph at lines 477--477
[]|\TU/LiberationSans(0)/m/n/10 Abonnements
 []


Underfull \hbox (badness 10000) in paragraph at lines 478--478
[]|\TU/LiberationSans(0)/m/n/10 Coffee &
 []


Underfull \hbox (badness 10000) in paragraph at lines 503--503
[]|\TU/LiberationSans(0)/b/n/10.95 Canal
 []


Underfull \hbox (badness 10000) in paragraph at lines 505--505
[]|\TU/LiberationSans(0)/m/n/10.95 Page Instagram +
 []


Underfull \hbox (badness 10000) in paragraph at lines 505--505
\TU/LiberationSans(0)/m/n/10.95 TikTok · teasing
 []


Underfull \hbox (badness 10000) in paragraph at lines 505--505
[]|\TU/LiberationSans(0)/m/n/10.95 Instagram
 []


Underfull \hbox (badness 10000) in paragraph at lines 505--505
\TU/LiberationSans(0)/m/n/10.95 + bouche-à-
 []


Underfull \hbox (badness 10000) in paragraph at lines 506--506
[]|\TU/LiberationSans(0)/m/n/10.95 Offre membres
 []


Underfull \hbox (badness 3281) in paragraph at lines 506--506
\TU/LiberationSans(0)/m/n/10.95 à vie) · communiqué
 []


Underfull \hbox (badness 10000) in paragraph at lines 506--506
[]|\TU/LiberationSans(0)/m/n/10.95 Direct +
 []


Underfull \hbox (badness 10000) in paragraph at lines 507--507
[]|\TU/LiberationSans(0)/m/n/10.95 M1–M2
 []


Underfull \hbox (badness 10000) in paragraph at lines 507--507
[]|\TU/LiberationSans(0)/m/n/10.95 Journée portes
 []


Underfull \hbox (badness 10000) in paragraph at lines 507--507
\TU/LiberationSans(0)/m/n/10.95 · article Côté Saint-
 []


Underfull \hbox (badness 10000) in paragraph at lines 507--507
[]|\TU/LiberationSans(0)/m/n/10.95 Event +
 []


Underfull \hbox (badness 10000) in paragraph at lines 507--507
\TU/LiberationSans(0)/m/n/10.95 réseaux +
 []


Underfull \hbox (badness 10000) in paragraph at lines 508--508
[]|\TU/LiberationSans(0)/m/n/10.95 M3–M6
 []


Underfull \hbox (badness 10000) in paragraph at lines 508--508
[]|\TU/LiberationSans(0)/m/n/10.95 Parrainage (1 mois
 []


Underfull \hbox (badness 10000) in paragraph at lines 508--508
\TU/LiberationSans(0)/m/n/10.95 offert) · cours essai
 []


Underfull \hbox (badness 10000) in paragraph at lines 508--508
[]|\TU/LiberationSans(0)/m/n/10.95 Organique +
 []


Underfull \hbox (badness 10000) in paragraph at lines 508--508
[]|[]\TU/LiberationSans(0)/b/n/10.95 1 000
 []


Underfull \hbox (badness 10000) in paragraph at lines 508--509
[]|\TU/LiberationSans(0)/m/n/10.95 160–180
 []


Underfull \hbox (badness 10000) in paragraph at lines 509--509
[]|\TU/LiberationSans(0)/m/n/10.95 M6–M12
 []


Underfull \hbox (badness 10000) in paragraph at lines 509--509
[]|\TU/LiberationSans(0)/m/n/10.95 Fight night mensuel
 []


Underfull \hbox (badness 10000) in paragraph at lines 509--509
\TU/LiberationSans(0)/m/n/10.95 · diffusions UFC ·
 []


Underfull \hbox (badness 10000) in paragraph at lines 509--509
\TU/LiberationSans(0)/m/n/10.95 masterclass fighter ·
 []


Underfull \hbox (badness 10000) in paragraph at lines 509--509
[]|\TU/LiberationSans(0)/m/n/10.95 Event +
 []


Underfull \hbox (badness 10000) in paragraph at lines 509--510
[]|[]\TU/LiberationSans(0)/b/n/10.95 200 membres[]
 []


Underfull \hbox (badness 10000) in paragraph at lines 509--510
\TU/LiberationSans(0)/m/n/10.95 · notoriété
 []


Underfull \hbox (badness 10000) in paragraph at lines 510--510
[]|\TU/LiberationSans(0)/m/n/10.95 Studio contenu ·
 []


Underfull \hbox (badness 2689) in paragraph at lines 510--510
\TU/LiberationSans(0)/m/n/10.95 campagnes Meta ads
 []


Underfull \hbox (badness 1237) in paragraph at lines 510--510
\TU/LiberationSans(0)/m/n/10.95 · partenariats RVCA /
 []


Underfull \hbox (badness 10000) in paragraph at lines 510--510
[]|\TU/LiberationSans(0)/m/n/10.95 Paid +
 []


Underfull \hbox (badness 10000) in paragraph at lines 510--510
[]|[]\TU/LiberationSans(0)/b/n/10.95 1 500
 []


Package fancyhdr Warning: \headheight is too small (12.0pt): 
(fancyhdr)                Make it at least 12.4pt, for example:
(fancyhdr)                \setlength{\headheight}{12.4pt}.
(fancyhdr)                You might also make \topmargin smaller to compensate:

(fancyhdr)                \addtolength{\topmargin}{-0.4pt}.

[12]
Underfull \hbox (badness 10000) in paragraph at lines 522--522
[]|\TU/LiberationSans(0)/m/n/10.95 Création identité visuelle (logo, charte,
 []


Underfull \hbox (badness 10000) in paragraph at lines 523--523
[]|\TU/LiberationSans(0)/m/n/10.95 Site web (Webflow ou WordPress +
 []


Underfull \hbox (badness 10000) in paragraph at lines 529--529
[]|\TU/LiberationSans(0)/m/n/10.95 500–1
 []


Package fancyhdr Warning: \headheight is too small (12.0pt): 
(fancyhdr)                Make it at least 12.4pt, for example:
(fancyhdr)                \setlength{\headheight}{12.4pt}.
(fancyhdr)                You might also make \topmargin smaller to compensate:

(fancyhdr)                \addtolength{\topmargin}{-0.4pt}.

[13]
The property list \polyglossia@langsetup contains the pairs (without outer
braces):
>  {latex/script}  =>  {latin}
>  {latex/lcscript}  =>  {latin}
>  {latex/scripttag}  =>  {}
>  {latex/language}  =>  {Latex}
>  {latex/langtag}  =>  {ENG}
>  {latex/bcp47}  =>  {}
>  {latex/hyphennames}  =>  {english}
>  {latex/direction}  =>  {LR}
>  {latex/hyphenmins}  =>  {2,3}
>  {latex/frenchspacing}  =>  {false}
>  {latex/indentfirst}  =>  {false}
>  {latex/fontsetup}  =>  {true}
>  {latex/envname}  =>  {latex}
>  {latex/babelname}  =>  {latex}
>  {latex/localnumeral}  =>  {polyglossia@C@localnumeral}
>  {latex/Localnumeral}  =>  {polyglossia@C@localnumeral}
>  {french/script}  =>  {Latin}
>  {french/lcscript}  =>  {latin}
>  {french/scripttag}  =>  {}
>  {french/language}  =>  {French}
>  {french/langtag}  =>  {FRA}
>  {french/bcp47}  =>  {fr-FR}
>  {french/hyphennames}  =>  {french,francais}
>  {french/direction}  =>  {LR}
>  {french/hyphenmins}  =>  {2,2}
>  {french/frenchspacing}  =>  {true}
>  {french/indentfirst}  =>  {true}
>  {french/fontsetup}  =>  {true}
>  {french/envname}  =>  {french}
>  {french/babelname}  =>  {french}
>  {french/localnumeral}  =>  {polyglossia@C@localnumeral}
>  {french/Localnumeral}  =>  {polyglossia@C@localnumeral}.


Package fancyhdr Warning: \headheight is too small (12.0pt): 
(fancyhdr)                Make it at least 12.4pt, for example:
(fancyhdr)                \setlength{\headheight}{12.4pt}.
(fancyhdr)                You might also make \topmargin smaller to compensate:

(fancyhdr)                \addtolength{\topmargin}{-0.4pt}.

[14] (./FightCoffee_Annexe_Operationnelle.aux
LaTeX Info: Redefining \rmfamily on input line 19.
LaTeX Info: Redefining \sffamily on input line 19.
LaTeX Info: Redefining \ttfamily on input line 19.
)
Package rerunfilecheck Info: File `FightCoffee_Annexe_Operationnelle.out' has n
ot changed.
(rerunfilecheck)             Checksum: 0A53DCF628EA15A13EE6640DC631929D;5686.
 ) 
Here is how much of TeX's memory you used:
 28843 strings out of 478190
 622975 string characters out of 5854827
 1042696 words of memory out of 5000000
 48981 multiletter control sequences out of 15000+600000
 472654 words of font info for 75 fonts, out of 8000000 for 9000
 14 hyphenation exceptions out of 8191
 99i,11n,104p,1222b,486s stack positions out of 5000i,500n,10000p,200000b,80000s

Output written on FightCoffee_Annexe_Operationnelle.pdf (14 pages).
