\BOOKMARK [1][-]{section.1}{\376\377\000P\000r\000\351\000s\000e\000n\000t\000a\000t\000i\000o\000n\000\040\000d\000u\000\040\000p\000r\000o\000j\000e\000t}{}% 1
\BOOKMARK [2][-]{subsection.1.1}{\376\377\000V\000i\000s\000i\000o\000n}{section.1}% 2
\BOOKMARK [2][-]{subsection.1.2}{\376\377\000L\000e\000s\000\040\000q\000u\000a\000t\000r\000e\000\040\000p\000i\000l\000i\000e\000r\000s}{section.1}% 3
\BOOKMARK [2][-]{subsection.1.3}{\376\377\000I\000m\000p\000l\000a\000n\000t\000a\000t\000i\000o\000n}{section.1}% 4
\BOOKMARK [1][-]{section.2}{\376\377\000\311\000t\000u\000d\000e\000\040\000d\000e\000\040\000m\000a\000r\000c\000h\000\351}{}% 5
\BOOKMARK [2][-]{subsection.2.1}{\376\377\000Z\000o\000n\000e\000\040\000d\000e\000\040\000c\000h\000a\000l\000a\000n\000d\000i\000s\000e}{section.2}% 6
\BOOKMARK [2][-]{subsection.2.2}{\376\377\000P\000o\000t\000e\000n\000t\000i\000e\000l\000\040\000d\000e\000\040\000m\000a\000r\000c\000h\000\351\000\040\000p\000a\000r\000\040\000s\000e\000g\000m\000e\000n\000t}{section.2}% 7
\BOOKMARK [2][-]{subsection.2.3}{\376\377\000T\000e\000n\000d\000a\000n\000c\000e\000s\000\040\000d\000e\000\040\000f\000o\000n\000d}{section.2}% 8
\BOOKMARK [1][-]{section.3}{\376\377\000A\000n\000a\000l\000y\000s\000e\000\040\000c\000o\000n\000c\000u\000r\000r\000e\000n\000t\000i\000e\000l\000l\000e}{}% 9
\BOOKMARK [2][-]{subsection.3.1}{\376\377\000C\000o\000n\000c\000u\000r\000r\000e\000n\000t\000s\000\040\000d\000i\000r\000e\000c\000t\000s\000\040\040\024\000\040\000s\000p\000o\000r\000t\000s\000\040\000d\000e\000\040\000c\000o\000m\000b\000a\000t}{section.3}% 10
\BOOKMARK [2][-]{subsection.3.2}{\376\377\000C\000o\000n\000c\000u\000r\000r\000e\000n\000t\000s\000\040\000i\000n\000d\000i\000r\000e\000c\000t\000s\000\040\040\024\000\040\000f\000i\000t\000n\000e\000s\000s}{section.3}% 11
\BOOKMARK [2][-]{subsection.3.3}{\376\377\000C\000o\000n\000c\000l\000u\000s\000i\000o\000n\000\040\000c\000o\000n\000c\000u\000r\000r\000e\000n\000t\000i\000e\000l\000l\000e}{section.3}% 12
\BOOKMARK [1][-]{section.4}{\376\377\000S\000t\000r\000a\000t\000\351\000g\000i\000e\000\040\000c\000o\000m\000m\000e\000r\000c\000i\000a\000l\000e\000\040\000\046\000\040\000o\000f\000f\000r\000e}{}% 13
\BOOKMARK [2][-]{subsection.4.1}{\376\377\000G\000r\000i\000l\000l\000e\000\040\000t\000a\000r\000i\000f\000a\000i\000r\000e}{section.4}% 14
\BOOKMARK [2][-]{subsection.4.2}{\376\377\000S\000t\000r\000a\000t\000\351\000g\000i\000e\000\040\000d\000'\000a\000c\000q\000u\000i\000s\000i\000t\000i\000o\000n\000\040\000m\000e\000m\000b\000r\000e\000s}{section.4}% 15
\BOOKMARK [1][-]{section.5}{\376\377\000I\000n\000v\000e\000s\000t\000i\000s\000s\000e\000m\000e\000n\000t\000\040\000i\000n\000i\000t\000i\000a\000l}{}% 16
\BOOKMARK [2][-]{subsection.5.1}{\376\377\000B\000e\000s\000o\000i\000n\000\040\000t\000o\000t\000a\000l\000\040\000d\000e\000\040\000f\000i\000n\000a\000n\000c\000e\000m\000e\000n\000t}{section.5}% 17
\BOOKMARK [2][-]{subsection.5.2}{\376\377\000H\000y\000p\000o\000t\000h\000\350\000s\000e\000s\000\040\000d\000e\000\040\000f\000i\000n\000a\000n\000c\000e\000m\000e\000n\000t}{section.5}% 18
\BOOKMARK [2][-]{subsection.5.3}{\376\377\000N\000o\000t\000e\000\040\000\340\000\040\000l\000'\000a\000t\000t\000e\000n\000t\000i\000o\000n\000\040\000d\000e\000s\000\040\000i\000n\000v\000e\000s\000t\000i\000s\000s\000e\000u\000r\000s}{section.5}% 19
\BOOKMARK [1][-]{section.6}{\376\377\000S\000t\000r\000u\000c\000t\000u\000r\000e\000\040\000d\000e\000s\000\040\000c\000h\000a\000r\000g\000e\000s\000\040\000f\000i\000x\000e\000s}{}% 20
\BOOKMARK [2][-]{subsection.6.1}{\376\377\000N\000o\000t\000e\000s\000\040\000s\000u\000r\000\040\000l\000e\000s\000\040\000c\000h\000a\000r\000g\000e\000s\000\040\000v\000a\000r\000i\000a\000b\000l\000e\000s}{section.6}% 21
\BOOKMARK [1][-]{section.7}{\376\377\000P\000r\000\351\000v\000i\000s\000i\000o\000n\000n\000e\000l\000\040\000d\000e\000s\000\040\000r\000e\000v\000e\000n\000u\000s\000\040\040\024\000\040\0003\000\040\000a\000n\000s}{}% 22
\BOOKMARK [2][-]{subsection.7.1}{\376\377\000M\000o\000n\000t\000\351\000e\000\040\000e\000n\000\040\000c\000h\000a\000r\000g\000e\000\040\040\024\000\040\000c\000a\000l\000e\000n\000d\000r\000i\000e\000r\000\040\000m\000e\000n\000s\000u\000e\000l\000\040\000A\000n\000\040\0001}{section.7}% 23
\BOOKMARK [1][-]{section.8}{\376\377\000C\000o\000m\000p\000t\000e\000\040\000d\000e\000\040\000r\000\351\000s\000u\000l\000t\000a\000t\000\040\000p\000r\000\351\000v\000i\000s\000i\000o\000n\000n\000e\000l}{}% 24
\BOOKMARK [1][-]{section.9}{\376\377\000P\000l\000a\000n\000\040\000d\000e\000\040\000t\000r\000\351\000s\000o\000r\000e\000r\000i\000e\000\040\000\046\000\040\000s\000e\000u\000i\000l\000\040\000d\000e\000\040\000r\000e\000n\000t\000a\000b\000i\000l\000i\000t\000\351}{}% 25
\BOOKMARK [2][-]{subsection.9.1}{\376\377\000S\000e\000u\000i\000l\000\040\000d\000e\000\040\000r\000e\000n\000t\000a\000b\000i\000l\000i\000t\000\351\000\040\000o\000p\000\351\000r\000a\000t\000i\000o\000n\000n\000e\000l}{section.9}% 26
\BOOKMARK [2][-]{subsection.9.2}{\376\377\000P\000l\000a\000n\000\040\000d\000e\000\040\000t\000r\000\351\000s\000o\000r\000e\000r\000i\000e\000\040\040\024\000\040\000A\000n\000\040\0001\000\040\000\050\000t\000r\000i\000m\000e\000s\000t\000r\000i\000e\000l\000\051}{section.9}% 27
\BOOKMARK [1][-]{section.10}{\376\377\000S\000c\000\351\000n\000a\000r\000i\000o\000s\000\040\000\046\000\040\000s\000e\000n\000s\000i\000b\000i\000l\000i\000t\000\351}{}% 28
\BOOKMARK [2][-]{subsection.10.1}{\376\377\000H\000y\000p\000o\000t\000h\000\350\000s\000e\000s\000\040\000d\000i\000f\000f\000\351\000r\000e\000n\000c\000i\000a\000n\000t\000e\000s\000\040\000p\000a\000r\000\040\000s\000c\000\351\000n\000a\000r\000i\000o}{section.10}% 29
\BOOKMARK [1][-]{section.11}{\376\377\000R\000o\000a\000d\000m\000a\000p\000\040\000\046\000\040\000j\000a\000l\000o\000n\000s}{}% 30
\BOOKMARK [2][-]{subsection.11.1}{\376\377\000P\000h\000a\000s\000e\000\040\0001\000\040\000\267\000\040\000M\000-\0003\000\040\000\340\000\040\000M\0000\000\040\040\024\000\040\000P\000r\000\351\000-\000l\000a\000n\000c\000e\000m\000e\000n\000t}{section.11}% 31
\BOOKMARK [2][-]{subsection.11.2}{\376\377\000P\000h\000a\000s\000e\000\040\0002\000\040\000\267\000\040\000M\0001\000\040\000\340\000\040\000M\0006\000\040\040\024\000\040\000L\000a\000n\000c\000e\000m\000e\000n\000t}{section.11}% 32
\BOOKMARK [2][-]{subsection.11.3}{\376\377\000P\000h\000a\000s\000e\000\040\0003\000\040\000\267\000\040\000M\0006\000\040\000\340\000\040\000M\0001\0008\000\040\040\024\000\040\000C\000r\000o\000i\000s\000s\000a\000n\000c\000e}{section.11}% 33
\BOOKMARK [2][-]{subsection.11.4}{\376\377\000P\000h\000a\000s\000e\000\040\0004\000\040\000\267\000\040\000M\0001\0008\000+\000\040\040\024\000\040\000E\000x\000p\000a\000n\000s\000i\000o\000n}{section.11}% 34
\BOOKMARK [1][-]{section.12}{\376\377\000F\000a\000c\000t\000e\000u\000r\000s\000\040\000c\000l\000\351\000s\000\040\000d\000e\000\040\000s\000u\000c\000c\000\350\000s\000\040\000\046\000\040\000r\000i\000s\000q\000u\000e\000s}{}% 35
\BOOKMARK [2][-]{subsection.12.1}{\376\377\000F\000a\000c\000t\000e\000u\000r\000s\000\040\000c\000l\000\351\000s\000\040\000d\000e\000\040\000s\000u\000c\000c\000\350\000s}{section.12}% 36
\BOOKMARK [2][-]{subsection.12.2}{\376\377\000R\000i\000s\000q\000u\000e\000s\000\040\000i\000d\000e\000n\000t\000i\000f\000i\000\351\000s\000\040\000\046\000\040\000m\000i\000t\000i\000g\000a\000t\000i\000o\000n}{section.12}% 37
